go run internal/build/build.go  generate 
go run internal/build/build.go  vet 
go run internal/build/build.go  test 
=== RUN   TestArgumentsRootCommand
--- PASS: TestArgumentsRootCommand (0.01s)
=== RUN   TestArgumentsSubcommand
--- PASS: TestArgumentsSubcommand (0.00s)
=== RUN   TestArgsUsage
=== RUN   TestArgsUsage/optional
=== RUN   TestArgsUsage/zero_or_more
=== RUN   TestArgsUsage/one
=== RUN   TestArgsUsage/many
=== RUN   TestArgsUsage/many2
=== RUN   TestArgsUsage/unlimited
--- PASS: TestArgsUsage (0.00s)
    --- PASS: TestArgsUsage/optional (0.00s)
    --- PASS: TestArgsUsage/zero_or_more (0.00s)
    --- PASS: TestArgsUsage/one (0.00s)
    --- PASS: TestArgsUsage/many (0.00s)
    --- PASS: TestArgsUsage/many2 (0.00s)
    --- PASS: TestArgsUsage/unlimited (0.00s)
=== RUN   TestSingleOptionalArg
--- PASS: TestSingleOptionalArg (0.01s)
=== RUN   TestUnboundedArgs
=== RUN   TestUnboundedArgs/cmd_accepts_no_args
=== RUN   TestUnboundedArgs/cmd_uses_given_args
=== RUN   TestUnboundedArgs/cmd_uses_default_values
=== RUN   TestUnboundedArgs/given_args_override_default_values
--- PASS: TestUnboundedArgs (0.01s)
    --- PASS: TestUnboundedArgs/cmd_accepts_no_args (0.00s)
    --- PASS: TestUnboundedArgs/cmd_uses_given_args (0.00s)
    --- PASS: TestUnboundedArgs/cmd_uses_default_values (0.00s)
    --- PASS: TestUnboundedArgs/given_args_override_default_values (0.00s)
=== RUN   TestCommandFlagParsing
=== RUN   TestCommandFlagParsing/test-cmd_-break_blah_blah
Incorrect Usage: flag provided but not defined: -break

=== RUN   TestCommandFlagParsing/test-cmd_blah_blah
=== RUN   TestCommandFlagParsing/test-cmd_blah_-break
=== RUN   TestCommandFlagParsing/test-cmd_blah_-help
=== RUN   TestCommandFlagParsing/test-cmd_blah_-h
--- PASS: TestCommandFlagParsing (0.00s)
    --- PASS: TestCommandFlagParsing/test-cmd_-break_blah_blah (0.00s)
    --- PASS: TestCommandFlagParsing/test-cmd_blah_blah (0.00s)
    --- PASS: TestCommandFlagParsing/test-cmd_blah_-break (0.00s)
    --- PASS: TestCommandFlagParsing/test-cmd_blah_-help (0.00s)
    --- PASS: TestCommandFlagParsing/test-cmd_blah_-h (0.00s)
=== RUN   TestParseAndRunShortOpts
=== RUN   TestParseAndRunShortOpts/test_-a
=== RUN   TestParseAndRunShortOpts/test_-c_arg1_arg2
=== RUN   TestParseAndRunShortOpts/test_-f
=== RUN   TestParseAndRunShortOpts/test_-ac_--fgh
=== RUN   TestParseAndRunShortOpts/test_-af
=== RUN   TestParseAndRunShortOpts/test_-cf
=== RUN   TestParseAndRunShortOpts/test_-acf
=== RUN   TestParseAndRunShortOpts/test_--acf
Incorrect Usage: flag provided but not defined: -acf

=== RUN   TestParseAndRunShortOpts/test_-invalid
Incorrect Usage: flag provided but not defined: -invalid

=== RUN   TestParseAndRunShortOpts/test_-acf_-invalid
Incorrect Usage: flag provided but not defined: -invalid

=== RUN   TestParseAndRunShortOpts/test_--invalid
Incorrect Usage: flag provided but not defined: -invalid

=== RUN   TestParseAndRunShortOpts/test_-acf_--invalid
Incorrect Usage: flag provided but not defined: -invalid

=== RUN   TestParseAndRunShortOpts/test_-acf_arg1_-invalid
=== RUN   TestParseAndRunShortOpts/test_-acf_arg1_--invalid
=== RUN   TestParseAndRunShortOpts/test_-acfi_not-arg_arg1_-invalid
=== RUN   TestParseAndRunShortOpts/test_-i_ivalue
=== RUN   TestParseAndRunShortOpts/test_-i_ivalue_arg1
=== RUN   TestParseAndRunShortOpts/test_-i
Incorrect Usage: flag needs an argument: -i

--- PASS: TestParseAndRunShortOpts (0.02s)
    --- PASS: TestParseAndRunShortOpts/test_-a (0.00s)
    --- PASS: TestParseAndRunShortOpts/test_-c_arg1_arg2 (0.00s)
    --- PASS: TestParseAndRunShortOpts/test_-f (0.00s)
    --- PASS: TestParseAndRunShortOpts/test_-ac_--fgh (0.00s)
    --- PASS: TestParseAndRunShortOpts/test_-af (0.00s)
    --- PASS: TestParseAndRunShortOpts/test_-cf (0.00s)
    --- PASS: TestParseAndRunShortOpts/test_-acf (0.00s)
    --- PASS: TestParseAndRunShortOpts/test_--acf (0.00s)
    --- PASS: TestParseAndRunShortOpts/test_-invalid (0.00s)
    --- PASS: TestParseAndRunShortOpts/test_-acf_-invalid (0.00s)
    --- PASS: TestParseAndRunShortOpts/test_--invalid (0.00s)
    --- PASS: TestParseAndRunShortOpts/test_-acf_--invalid (0.00s)
    --- PASS: TestParseAndRunShortOpts/test_-acf_arg1_-invalid (0.00s)
    --- PASS: TestParseAndRunShortOpts/test_-acf_arg1_--invalid (0.00s)
    --- PASS: TestParseAndRunShortOpts/test_-acfi_not-arg_arg1_-invalid (0.00s)
    --- PASS: TestParseAndRunShortOpts/test_-i_ivalue (0.00s)
    --- PASS: TestParseAndRunShortOpts/test_-i_ivalue_arg1 (0.00s)
    --- PASS: TestParseAndRunShortOpts/test_-i (0.00s)
=== RUN   TestCommand_Run_DoesNotOverwriteErrorFromBefore
--- PASS: TestCommand_Run_DoesNotOverwriteErrorFromBefore (0.00s)
=== RUN   TestCommand_Run_BeforeSavesMetadata
--- PASS: TestCommand_Run_BeforeSavesMetadata (0.00s)
=== RUN   TestCommand_OnUsageError_hasCommandContext
--- PASS: TestCommand_OnUsageError_hasCommandContext (0.00s)
=== RUN   TestCommand_OnUsageError_WithWrongFlagValue
--- PASS: TestCommand_OnUsageError_WithWrongFlagValue (0.00s)
=== RUN   TestCommand_OnUsageError_WithSubcommand
--- PASS: TestCommand_OnUsageError_WithSubcommand (0.00s)
=== RUN   TestCommand_Run_SubcommandsCanUseErrWriter
--- PASS: TestCommand_Run_SubcommandsCanUseErrWriter (0.00s)
=== RUN   TestCommandSkipFlagParsing
=== RUN   TestCommandSkipFlagParsing/some-command_some-arg_--flag_foo
=== RUN   TestCommandSkipFlagParsing/some-command_some-arg_--flag=foo
--- PASS: TestCommandSkipFlagParsing (0.00s)
    --- PASS: TestCommandSkipFlagParsing/some-command_some-arg_--flag_foo (0.00s)
    --- PASS: TestCommandSkipFlagParsing/some-command_some-arg_--flag=foo (0.00s)
=== RUN   TestCommand_Run_CustomShellCompleteAcceptsMalformedFlags
=== RUN   TestCommand_Run_CustomShellCompleteAcceptsMalformedFlags/--undefined
=== RUN   TestCommand_Run_CustomShellCompleteAcceptsMalformedFlags/--number
=== RUN   TestCommand_Run_CustomShellCompleteAcceptsMalformedFlags/--number_forty-two
=== RUN   TestCommand_Run_CustomShellCompleteAcceptsMalformedFlags/--number_42
=== RUN   TestCommand_Run_CustomShellCompleteAcceptsMalformedFlags/--number_42_newArg
--- PASS: TestCommand_Run_CustomShellCompleteAcceptsMalformedFlags (0.00s)
    --- PASS: TestCommand_Run_CustomShellCompleteAcceptsMalformedFlags/--undefined (0.00s)
    --- PASS: TestCommand_Run_CustomShellCompleteAcceptsMalformedFlags/--number (0.00s)
    --- PASS: TestCommand_Run_CustomShellCompleteAcceptsMalformedFlags/--number_forty-two (0.00s)
    --- PASS: TestCommand_Run_CustomShellCompleteAcceptsMalformedFlags/--number_42 (0.00s)
    --- PASS: TestCommand_Run_CustomShellCompleteAcceptsMalformedFlags/--number_42_newArg (0.00s)
=== RUN   TestCommand_CanAddVFlagOnSubCommands
--- PASS: TestCommand_CanAddVFlagOnSubCommands (0.00s)
=== RUN   TestCommand_VisibleSubcCommands
--- PASS: TestCommand_VisibleSubcCommands (0.00s)
=== RUN   TestCommand_VisibleFlagCategories
--- PASS: TestCommand_VisibleFlagCategories (0.00s)
=== RUN   TestCommand_RunSubcommandWithDefault
--- PASS: TestCommand_RunSubcommandWithDefault (0.00s)
=== RUN   TestCommand_Run
--- PASS: TestCommand_Run (0.00s)
=== RUN   TestCommand_Command
--- PASS: TestCommand_Command (0.00s)
=== RUN   TestCommand_RunDefaultCommand
=== RUN   TestCommand_RunDefaultCommand/command=foobar-default=foobar
NAME:
   c foobar

USAGE:
   c foobar [command [command options]] 

OPTIONS:
   --help, -h  show help
=== RUN   TestCommand_RunDefaultCommand/command=batbaz-default=foobar
NAME:
   c batbaz

USAGE:
   c batbaz [command [command options]] 

OPTIONS:
   --help, -h  show help
=== RUN   TestCommand_RunDefaultCommand/command=b-default=
NAME:
   c batbaz

USAGE:
   c batbaz [command [command options]] 

OPTIONS:
   --help, -h  show help
=== RUN   TestCommand_RunDefaultCommand/command=f-default=
NAME:
   c foobar

USAGE:
   c foobar [command [command options]] 

OPTIONS:
   --help, -h  show help
=== RUN   TestCommand_RunDefaultCommand/command=-default=foobar
NAME:
   c - A new cli application

USAGE:
   c [global options] [command [command options]] [arguments...]

COMMANDS:
   foobar, f  
   batbaz, b  
   help, h    Shows a list of commands or help for one command

GLOBAL OPTIONS:
   --help, -h  show help
=== RUN   TestCommand_RunDefaultCommand/command=-default=
NAME:
   c - A new cli application

USAGE:
   c [global options] [command [command options]] [arguments...]

COMMANDS:
   foobar, f  
   batbaz, b  
   help, h    Shows a list of commands or help for one command

GLOBAL OPTIONS:
   --help, -h  show help
=== RUN   TestCommand_RunDefaultCommand/command=_-default=
=== RUN   TestCommand_RunDefaultCommand/command=bat-default=batbaz
=== RUN   TestCommand_RunDefaultCommand/command=nothing-default=batbaz
=== RUN   TestCommand_RunDefaultCommand/command=nothing-default=
--- PASS: TestCommand_RunDefaultCommand (0.01s)
    --- PASS: TestCommand_RunDefaultCommand/command=foobar-default=foobar (0.00s)
    --- PASS: TestCommand_RunDefaultCommand/command=batbaz-default=foobar (0.00s)
    --- PASS: TestCommand_RunDefaultCommand/command=b-default= (0.00s)
    --- PASS: TestCommand_RunDefaultCommand/command=f-default= (0.00s)
    --- PASS: TestCommand_RunDefaultCommand/command=-default=foobar (0.00s)
    --- PASS: TestCommand_RunDefaultCommand/command=-default= (0.00s)
    --- PASS: TestCommand_RunDefaultCommand/command=_-default= (0.00s)
    --- PASS: TestCommand_RunDefaultCommand/command=bat-default=batbaz (0.00s)
    --- PASS: TestCommand_RunDefaultCommand/command=nothing-default=batbaz (0.00s)
    --- PASS: TestCommand_RunDefaultCommand/command=nothing-default= (0.00s)
=== RUN   TestCommand_RunDefaultCommandWithSubCommand
=== RUN   TestCommand_RunDefaultCommandWithSubCommand/command=foobar-subcmd=-default=foobar
NAME:
   c foobar

USAGE:
   c foobar [command [command options]] [arguments...]

COMMANDS:
   jimbob, j  
   carly      
   help, h    Shows a list of commands or help for one command

OPTIONS:
   --help, -h  show help
=== RUN   TestCommand_RunDefaultCommandWithSubCommand/command=foobar-subcmd=carly-default=foobar
NAME:
   c foobar carly

USAGE:
   c foobar carly [command [command options]] 

OPTIONS:
   --help, -h  show help
=== RUN   TestCommand_RunDefaultCommandWithSubCommand/command=batbaz-subcmd=-default=foobar
NAME:
   c batbaz

USAGE:
   c batbaz [command [command options]] 

OPTIONS:
   --help, -h  show help
=== RUN   TestCommand_RunDefaultCommandWithSubCommand/command=b-subcmd=-default=
NAME:
   c batbaz

USAGE:
   c batbaz [command [command options]] 

OPTIONS:
   --help, -h  show help
=== RUN   TestCommand_RunDefaultCommandWithSubCommand/command=f-subcmd=-default=
NAME:
   c foobar

USAGE:
   c foobar [command [command options]] [arguments...]

COMMANDS:
   jimbob, j  
   carly      
   help, h    Shows a list of commands or help for one command

OPTIONS:
   --help, -h  show help
=== RUN   TestCommand_RunDefaultCommandWithSubCommand/command=-subcmd=-default=foobar
NAME:
   c - A new cli application

USAGE:
   c [global options] [command [command options]] [arguments...]

COMMANDS:
   foobar, f  
   batbaz, b  
   help, h    Shows a list of commands or help for one command

GLOBAL OPTIONS:
   --help, -h  show help
=== RUN   TestCommand_RunDefaultCommandWithSubCommand/command=-subcmd=-default=
NAME:
   c - A new cli application

USAGE:
   c [global options] [command [command options]] [arguments...]

COMMANDS:
   foobar, f  
   batbaz, b  
   help, h    Shows a list of commands or help for one command

GLOBAL OPTIONS:
   --help, -h  show help
=== RUN   TestCommand_RunDefaultCommandWithSubCommand/command=-subcmd=jimbob-default=foobar
NAME:
   c - A new cli application

USAGE:
   c [global options] [command [command options]] [arguments...]

COMMANDS:
   foobar, f  
   batbaz, b  
   help, h    Shows a list of commands or help for one command

GLOBAL OPTIONS:
   --help, -h  show help
=== RUN   TestCommand_RunDefaultCommandWithSubCommand/command=-subcmd=j-default=foobar
NAME:
   c - A new cli application

USAGE:
   c [global options] [command [command options]] [arguments...]

COMMANDS:
   foobar, f  
   batbaz, b  
   help, h    Shows a list of commands or help for one command

GLOBAL OPTIONS:
   --help, -h  show help
=== RUN   TestCommand_RunDefaultCommandWithSubCommand/command=-subcmd=carly-default=foobar
NAME:
   c - A new cli application

USAGE:
   c [global options] [command [command options]] [arguments...]

COMMANDS:
   foobar, f  
   batbaz, b  
   help, h    Shows a list of commands or help for one command

GLOBAL OPTIONS:
   --help, -h  show help
=== RUN   TestCommand_RunDefaultCommandWithSubCommand/command=-subcmd=jimmers-default=foobar
NAME:
   c - A new cli application

USAGE:
   c [global options] [command [command options]] [arguments...]

COMMANDS:
   foobar, f  
   batbaz, b  
   help, h    Shows a list of commands or help for one command

GLOBAL OPTIONS:
   --help, -h  show help
=== RUN   TestCommand_RunDefaultCommandWithSubCommand/command=-subcmd=jimmers-default=
NAME:
   c - A new cli application

USAGE:
   c [global options] [command [command options]] [arguments...]

COMMANDS:
   foobar, f  
   batbaz, b  
   help, h    Shows a list of commands or help for one command

GLOBAL OPTIONS:
   --help, -h  show help
=== RUN   TestCommand_RunDefaultCommandWithSubCommand/command=_-subcmd=jimmers-default=foobar
=== RUN   TestCommand_RunDefaultCommandWithSubCommand/command=-subcmd=-default=#01
NAME:
   c - A new cli application

USAGE:
   c [global options] [command [command options]] [arguments...]

COMMANDS:
   foobar, f  
   batbaz, b  
   help, h    Shows a list of commands or help for one command

GLOBAL OPTIONS:
   --help, -h  show help
=== RUN   TestCommand_RunDefaultCommandWithSubCommand/command=_-subcmd=-default=
=== RUN   TestCommand_RunDefaultCommandWithSubCommand/command=_-subcmd=j-default=
=== RUN   TestCommand_RunDefaultCommandWithSubCommand/command=bat-subcmd=-default=batbaz
=== RUN   TestCommand_RunDefaultCommandWithSubCommand/command=nothing-subcmd=-default=batbaz
=== RUN   TestCommand_RunDefaultCommandWithSubCommand/command=nothing-subcmd=-default=
=== RUN   TestCommand_RunDefaultCommandWithSubCommand/command=nothing-subcmd=j-default=batbaz
=== RUN   TestCommand_RunDefaultCommandWithSubCommand/command=nothing-subcmd=carly-default=
--- PASS: TestCommand_RunDefaultCommandWithSubCommand (0.04s)
    --- PASS: TestCommand_RunDefaultCommandWithSubCommand/command=foobar-subcmd=-default=foobar (0.00s)
    --- PASS: TestCommand_RunDefaultCommandWithSubCommand/command=foobar-subcmd=carly-default=foobar (0.00s)
    --- PASS: TestCommand_RunDefaultCommandWithSubCommand/command=batbaz-subcmd=-default=foobar (0.00s)
    --- PASS: TestCommand_RunDefaultCommandWithSubCommand/command=b-subcmd=-default= (0.00s)
    --- PASS: TestCommand_RunDefaultCommandWithSubCommand/command=f-subcmd=-default= (0.00s)
    --- PASS: TestCommand_RunDefaultCommandWithSubCommand/command=-subcmd=-default=foobar (0.00s)
    --- PASS: TestCommand_RunDefaultCommandWithSubCommand/command=-subcmd=-default= (0.00s)
    --- PASS: TestCommand_RunDefaultCommandWithSubCommand/command=-subcmd=jimbob-default=foobar (0.00s)
    --- PASS: TestCommand_RunDefaultCommandWithSubCommand/command=-subcmd=j-default=foobar (0.00s)
    --- PASS: TestCommand_RunDefaultCommandWithSubCommand/command=-subcmd=carly-default=foobar (0.00s)
    --- PASS: TestCommand_RunDefaultCommandWithSubCommand/command=-subcmd=jimmers-default=foobar (0.00s)
    --- PASS: TestCommand_RunDefaultCommandWithSubCommand/command=-subcmd=jimmers-default= (0.00s)
    --- PASS: TestCommand_RunDefaultCommandWithSubCommand/command=_-subcmd=jimmers-default=foobar (0.00s)
    --- PASS: TestCommand_RunDefaultCommandWithSubCommand/command=-subcmd=-default=#01 (0.00s)
    --- PASS: TestCommand_RunDefaultCommandWithSubCommand/command=_-subcmd=-default= (0.00s)
    --- PASS: TestCommand_RunDefaultCommandWithSubCommand/command=_-subcmd=j-default= (0.00s)
    --- PASS: TestCommand_RunDefaultCommandWithSubCommand/command=bat-subcmd=-default=batbaz (0.00s)
    --- PASS: TestCommand_RunDefaultCommandWithSubCommand/command=nothing-subcmd=-default=batbaz (0.00s)
    --- PASS: TestCommand_RunDefaultCommandWithSubCommand/command=nothing-subcmd=-default= (0.00s)
    --- PASS: TestCommand_RunDefaultCommandWithSubCommand/command=nothing-subcmd=j-default=batbaz (0.00s)
    --- PASS: TestCommand_RunDefaultCommandWithSubCommand/command=nothing-subcmd=carly-default= (0.00s)
=== RUN   TestCommand_RunDefaultCommandWithFlags
=== RUN   TestCommand_RunDefaultCommandWithFlags/command=foobar-flag=-default=foobar
NAME:
   c foobar

USAGE:
   c foobar [command [command options]] 

OPTIONS:
   --help, -h  show help
=== RUN   TestCommand_RunDefaultCommandWithFlags/command=foobar-flag=-c_derp-default=foobar
NAME:
   c foobar

USAGE:
   c foobar [command [command options]] 

OPTIONS:
   --help, -h  show help
=== RUN   TestCommand_RunDefaultCommandWithFlags/command=batbaz-flag=-default=foobar
NAME:
   c batbaz

USAGE:
   c batbaz [command [command options]] 

OPTIONS:
   --help, -h  show help
=== RUN   TestCommand_RunDefaultCommandWithFlags/command=b-flag=-default=
NAME:
   c batbaz

USAGE:
   c batbaz [command [command options]] 

OPTIONS:
   --help, -h  show help
=== RUN   TestCommand_RunDefaultCommandWithFlags/command=f-flag=-default=
NAME:
   c foobar

USAGE:
   c foobar [command [command options]] 

OPTIONS:
   --help, -h  show help
=== RUN   TestCommand_RunDefaultCommandWithFlags/command=-flag=-default=foobar
NAME:
   c - A new cli application

USAGE:
   c [global options] [command [command options]] [arguments...]

COMMANDS:
   foobar, f  
   batbaz, b  
   help, h    Shows a list of commands or help for one command

GLOBAL OPTIONS:
   --carly value, -c value  
   --jimbob, -j             (default: true)
   --help, -h               show help
=== RUN   TestCommand_RunDefaultCommandWithFlags/command=-flag=-default=
NAME:
   c - A new cli application

USAGE:
   c [global options] [command [command options]] [arguments...]

COMMANDS:
   foobar, f  
   batbaz, b  
   help, h    Shows a list of commands or help for one command

GLOBAL OPTIONS:
   --carly value, -c value  
   --jimbob, -j             (default: true)
   --help, -h               show help
=== RUN   TestCommand_RunDefaultCommandWithFlags/command=-flag=-j-default=foobar
NAME:
   c - A new cli application

USAGE:
   c [global options] [command [command options]] [arguments...]

COMMANDS:
   foobar, f  
   batbaz, b  
   help, h    Shows a list of commands or help for one command

GLOBAL OPTIONS:
   --carly value, -c value  
   --jimbob, -j             (default: true)
   --help, -h               show help
=== RUN   TestCommand_RunDefaultCommandWithFlags/command=-flag=-j-default=foobar#01
NAME:
   c - A new cli application

USAGE:
   c [global options] [command [command options]] [arguments...]

COMMANDS:
   foobar, f  
   batbaz, b  
   help, h    Shows a list of commands or help for one command

GLOBAL OPTIONS:
   --carly value, -c value  
   --jimbob, -j             (default: true)
   --help, -h               show help
=== RUN   TestCommand_RunDefaultCommandWithFlags/command=-flag=-c_derp-default=foobar
NAME:
   c - A new cli application

USAGE:
   c [global options] [command [command options]] [arguments...]

COMMANDS:
   foobar, f  
   batbaz, b  
   help, h    Shows a list of commands or help for one command

GLOBAL OPTIONS:
   --carly value, -c value  
   --jimbob, -j             (default: true)
   --help, -h               show help
=== RUN   TestCommand_RunDefaultCommandWithFlags/command=-flag=--carly=derp-default=foobar
NAME:
   c - A new cli application

USAGE:
   c [global options] [command [command options]] [arguments...]

COMMANDS:
   foobar, f  
   batbaz, b  
   help, h    Shows a list of commands or help for one command

GLOBAL OPTIONS:
   --carly value, -c value  
   --jimbob, -j             (default: true)
   --help, -h               show help
=== RUN   TestCommand_RunDefaultCommandWithFlags/command=-flag=-j-default=foobar#02
NAME:
   c - A new cli application

USAGE:
   c [global options] [command [command options]] [arguments...]

COMMANDS:
   foobar, f  
   batbaz, b  
   help, h    Shows a list of commands or help for one command

GLOBAL OPTIONS:
   --carly value, -c value  
   --jimbob, -j             (default: true)
   --help, -h               show help
=== RUN   TestCommand_RunDefaultCommandWithFlags/command=-flag=-j-default=
NAME:
   c - A new cli application

USAGE:
   c [global options] [command [command options]] [arguments...]

COMMANDS:
   foobar, f  
   batbaz, b  
   help, h    Shows a list of commands or help for one command

GLOBAL OPTIONS:
   --carly value, -c value  
   --jimbob, -j             (default: true)
   --help, -h               show help
=== RUN   TestCommand_RunDefaultCommandWithFlags/command=_-flag=-j-default=foobar
=== RUN   TestCommand_RunDefaultCommandWithFlags/command=-flag=-default=#01
NAME:
   c - A new cli application

USAGE:
   c [global options] [command [command options]] [arguments...]

COMMANDS:
   foobar, f  
   batbaz, b  
   help, h    Shows a list of commands or help for one command

GLOBAL OPTIONS:
   --carly value, -c value  
   --jimbob, -j             (default: true)
   --help, -h               show help
=== RUN   TestCommand_RunDefaultCommandWithFlags/command=_-flag=-default=
=== RUN   TestCommand_RunDefaultCommandWithFlags/command=_-flag=-j-default=
=== RUN   TestCommand_RunDefaultCommandWithFlags/command=bat-flag=-default=batbaz
=== RUN   TestCommand_RunDefaultCommandWithFlags/command=nothing-flag=-default=batbaz
=== RUN   TestCommand_RunDefaultCommandWithFlags/command=nothing-flag=-default=
=== RUN   TestCommand_RunDefaultCommandWithFlags/command=nothing-flag=--jimbob-default=batbaz
=== RUN   TestCommand_RunDefaultCommandWithFlags/command=nothing-flag=--carly-default=
--- PASS: TestCommand_RunDefaultCommandWithFlags (0.04s)
    --- PASS: TestCommand_RunDefaultCommandWithFlags/command=foobar-flag=-default=foobar (0.00s)
    --- PASS: TestCommand_RunDefaultCommandWithFlags/command=foobar-flag=-c_derp-default=foobar (0.00s)
    --- PASS: TestCommand_RunDefaultCommandWithFlags/command=batbaz-flag=-default=foobar (0.00s)
    --- PASS: TestCommand_RunDefaultCommandWithFlags/command=b-flag=-default= (0.00s)
    --- PASS: TestCommand_RunDefaultCommandWithFlags/command=f-flag=-default= (0.00s)
    --- PASS: TestCommand_RunDefaultCommandWithFlags/command=-flag=-default=foobar (0.00s)
    --- PASS: TestCommand_RunDefaultCommandWithFlags/command=-flag=-default= (0.00s)
    --- PASS: TestCommand_RunDefaultCommandWithFlags/command=-flag=-j-default=foobar (0.00s)
    --- PASS: TestCommand_RunDefaultCommandWithFlags/command=-flag=-j-default=foobar#01 (0.00s)
    --- PASS: TestCommand_RunDefaultCommandWithFlags/command=-flag=-c_derp-default=foobar (0.00s)
    --- PASS: TestCommand_RunDefaultCommandWithFlags/command=-flag=--carly=derp-default=foobar (0.00s)
    --- PASS: TestCommand_RunDefaultCommandWithFlags/command=-flag=-j-default=foobar#02 (0.00s)
    --- PASS: TestCommand_RunDefaultCommandWithFlags/command=-flag=-j-default= (0.00s)
    --- PASS: TestCommand_RunDefaultCommandWithFlags/command=_-flag=-j-default=foobar (0.00s)
    --- PASS: TestCommand_RunDefaultCommandWithFlags/command=-flag=-default=#01 (0.00s)
    --- PASS: TestCommand_RunDefaultCommandWithFlags/command=_-flag=-default= (0.00s)
    --- PASS: TestCommand_RunDefaultCommandWithFlags/command=_-flag=-j-default= (0.00s)
    --- PASS: TestCommand_RunDefaultCommandWithFlags/command=bat-flag=-default=batbaz (0.00s)
    --- PASS: TestCommand_RunDefaultCommandWithFlags/command=nothing-flag=-default=batbaz (0.00s)
    --- PASS: TestCommand_RunDefaultCommandWithFlags/command=nothing-flag=-default= (0.00s)
    --- PASS: TestCommand_RunDefaultCommandWithFlags/command=nothing-flag=--jimbob-default=batbaz (0.00s)
    --- PASS: TestCommand_RunDefaultCommandWithFlags/command=nothing-flag=--carly-default= (0.00s)
=== RUN   TestCommand_FlagsFromExtPackage
NAME:
   foo - A new cli application

USAGE:
   foo [global options] [command [command options]] [arguments...]

COMMANDS:
   help, h  Shows a list of commands or help for one command

GLOBAL OPTIONS:
   --carly value, -c value  
   --jimbob, -j             (default: true)
   
   --help, -h  show help
Incorrect Usage: flag provided but not defined: -epflag

NAME:
   foo - A new cli application

USAGE:
   foo [global options] [command [command options]] [arguments...]

COMMANDS:
   help, h  Shows a list of commands or help for one command

GLOBAL OPTIONS:
   --carly value, -c value  
   --jimbob, -j             (default: true)
   --help, -h               show help
--- PASS: TestCommand_FlagsFromExtPackage (0.00s)
=== RUN   TestCommand_Setup_defaultsReader
--- PASS: TestCommand_Setup_defaultsReader (0.00s)
=== RUN   TestCommand_Setup_defaultsWriter
--- PASS: TestCommand_Setup_defaultsWriter (0.00s)
=== RUN   TestCommand_CommandWithFlagBeforeTerminator
--- PASS: TestCommand_CommandWithFlagBeforeTerminator (0.00s)
=== RUN   TestCommand_CommandWithDash
--- PASS: TestCommand_CommandWithDash (0.00s)
=== RUN   TestCommand_CommandWithNoFlagBeforeTerminator
--- PASS: TestCommand_CommandWithNoFlagBeforeTerminator (0.00s)
=== RUN   TestCommand_SkipFlagParsing
--- PASS: TestCommand_SkipFlagParsing (0.00s)
=== RUN   TestCommand_VisibleCommands
--- PASS: TestCommand_VisibleCommands (0.00s)
=== RUN   TestCommand_UseShortOptionHandling
--- PASS: TestCommand_UseShortOptionHandling (0.00s)
=== RUN   TestCommand_UseShortOptionHandling_missing_value
Incorrect Usage: flag needs an argument: -n

--- PASS: TestCommand_UseShortOptionHandling_missing_value (0.00s)
=== RUN   TestCommand_UseShortOptionHandlingCommand
--- PASS: TestCommand_UseShortOptionHandlingCommand (0.00s)
=== RUN   TestCommand_UseShortOptionHandlingCommand_missing_value
Incorrect Usage: flag needs an argument: -n

--- PASS: TestCommand_UseShortOptionHandlingCommand_missing_value (0.00s)
=== RUN   TestCommand_UseShortOptionHandlingSubCommand
--- PASS: TestCommand_UseShortOptionHandlingSubCommand (0.00s)
=== RUN   TestCommand_UseShortOptionHandlingSubCommand_missing_value
Incorrect Usage: flag needs an argument: -n

--- PASS: TestCommand_UseShortOptionHandlingSubCommand_missing_value (0.00s)
=== RUN   TestCommand_UseShortOptionAfterSliceFlag
--- PASS: TestCommand_UseShortOptionAfterSliceFlag (0.00s)
=== RUN   TestCommand_Float64Flag
--- PASS: TestCommand_Float64Flag (0.00s)
=== RUN   TestCommand_ParseSliceFlags
--- PASS: TestCommand_ParseSliceFlags (0.00s)
=== RUN   TestCommand_ParseSliceFlagsWithMissingValue
--- PASS: TestCommand_ParseSliceFlagsWithMissingValue (0.00s)
=== RUN   TestCommand_DefaultStdin
--- PASS: TestCommand_DefaultStdin (0.00s)
=== RUN   TestCommand_DefaultStdout
--- PASS: TestCommand_DefaultStdout (0.00s)
=== RUN   TestCommand_SetStdin
--- PASS: TestCommand_SetStdin (0.00s)
=== RUN   TestCommand_SetStdin_Subcommand
--- PASS: TestCommand_SetStdin_Subcommand (0.00s)
=== RUN   TestCommand_SetStdout
--- PASS: TestCommand_SetStdout (0.00s)
=== RUN   TestCommand_BeforeFunc
--- PASS: TestCommand_BeforeFunc (0.00s)
=== RUN   TestCommand_BeforeAfterFuncShellCompletion
    command_test.go:1408: TODO: is '--generate-shell-completion' (flag) still supported?
--- SKIP: TestCommand_BeforeAfterFuncShellCompletion (0.00s)
=== RUN   TestCommand_AfterFunc
NAME:
   command - A new cli application

USAGE:
   command [global options] [command [command options]] [arguments...]

COMMANDS:
   sub      
   help, h  Shows a list of commands or help for one command

GLOBAL OPTIONS:
   --opt value  
--- PASS: TestCommand_AfterFunc (0.00s)
=== RUN   TestCommandNoHelpFlag
Incorrect Usage: flag: help requested

--- PASS: TestCommandNoHelpFlag (0.00s)
=== RUN   TestRequiredFlagCommandRunBehavior
=== RUN   TestRequiredFlagCommandRunBehavior/error_case_empty_input_with_required_flag_on_app
=== RUN   TestRequiredFlagCommandRunBehavior/error_case_empty_input_with_required_flag_on_command
=== RUN   TestRequiredFlagCommandRunBehavior/error_case_empty_input_with_required_flag_on_subcommand
=== RUN   TestRequiredFlagCommandRunBehavior/valid_case_help_input_with_required_flag_on_app
=== RUN   TestRequiredFlagCommandRunBehavior/valid_case_help_input_with_required_flag_on_command
=== RUN   TestRequiredFlagCommandRunBehavior/valid_case_help_input_with_required_flag_on_subcommand
=== RUN   TestRequiredFlagCommandRunBehavior/error_case_optional_input_with_required_flag_on_app
=== RUN   TestRequiredFlagCommandRunBehavior/error_case_optional_input_with_required_flag_on_command
=== RUN   TestRequiredFlagCommandRunBehavior/error_case_optional_input_with_required_flag_on_subcommand
=== RUN   TestRequiredFlagCommandRunBehavior/valid_case_required_flag_input_on_app
=== RUN   TestRequiredFlagCommandRunBehavior/valid_case_required_flag_input_on_command
=== RUN   TestRequiredFlagCommandRunBehavior/valid_case_required_flag_input_on_subcommand
--- PASS: TestRequiredFlagCommandRunBehavior (0.03s)
    --- PASS: TestRequiredFlagCommandRunBehavior/error_case_empty_input_with_required_flag_on_app (0.00s)
    --- PASS: TestRequiredFlagCommandRunBehavior/error_case_empty_input_with_required_flag_on_command (0.00s)
    --- PASS: TestRequiredFlagCommandRunBehavior/error_case_empty_input_with_required_flag_on_subcommand (0.00s)
    --- PASS: TestRequiredFlagCommandRunBehavior/valid_case_help_input_with_required_flag_on_app (0.00s)
    --- PASS: TestRequiredFlagCommandRunBehavior/valid_case_help_input_with_required_flag_on_command (0.00s)
    --- PASS: TestRequiredFlagCommandRunBehavior/valid_case_help_input_with_required_flag_on_subcommand (0.00s)
    --- PASS: TestRequiredFlagCommandRunBehavior/error_case_optional_input_with_required_flag_on_app (0.00s)
    --- PASS: TestRequiredFlagCommandRunBehavior/error_case_optional_input_with_required_flag_on_command (0.00s)
    --- PASS: TestRequiredFlagCommandRunBehavior/error_case_optional_input_with_required_flag_on_subcommand (0.00s)
    --- PASS: TestRequiredFlagCommandRunBehavior/valid_case_required_flag_input_on_app (0.00s)
    --- PASS: TestRequiredFlagCommandRunBehavior/valid_case_required_flag_input_on_command (0.00s)
    --- PASS: TestRequiredFlagCommandRunBehavior/valid_case_required_flag_input_on_subcommand (0.00s)
=== RUN   TestCommandHelpPrinter
--- PASS: TestCommandHelpPrinter (0.00s)
=== RUN   TestCommand_VersionPrinter
--- PASS: TestCommand_VersionPrinter (0.00s)
=== RUN   TestCommand_CommandNotFound
--- PASS: TestCommand_CommandNotFound (0.00s)
=== RUN   TestCommand_OrderOfOperations
=== RUN   TestCommand_OrderOfOperations/on_usage_error
=== RUN   TestCommand_OrderOfOperations/shell_complete
=== RUN   TestCommand_OrderOfOperations/nil_on_usage_error
Incorrect Usage: flag provided but not defined: -nope

=== RUN   TestCommand_OrderOfOperations/before_after_action_hooks
=== RUN   TestCommand_OrderOfOperations/before_with_error
=== RUN   TestCommand_OrderOfOperations/nil_after
=== RUN   TestCommand_OrderOfOperations/after_errors
=== RUN   TestCommand_OrderOfOperations/nil_commands
--- PASS: TestCommand_OrderOfOperations (0.01s)
    --- PASS: TestCommand_OrderOfOperations/on_usage_error (0.00s)
    --- PASS: TestCommand_OrderOfOperations/shell_complete (0.00s)
    --- PASS: TestCommand_OrderOfOperations/nil_on_usage_error (0.00s)
    --- PASS: TestCommand_OrderOfOperations/before_after_action_hooks (0.00s)
    --- PASS: TestCommand_OrderOfOperations/before_with_error (0.00s)
    --- PASS: TestCommand_OrderOfOperations/nil_after (0.00s)
    --- PASS: TestCommand_OrderOfOperations/after_errors (0.00s)
    --- PASS: TestCommand_OrderOfOperations/nil_commands (0.00s)
=== RUN   TestCommand_Run_CommandWithSubcommandHasHelpTopic
=== RUN   TestCommand_Run_CommandWithSubcommandHasHelpTopic/checking_with_flags_[foo_--help]
=== RUN   TestCommand_Run_CommandWithSubcommandHasHelpTopic/checking_with_flags_[foo_-h]
=== RUN   TestCommand_Run_CommandWithSubcommandHasHelpTopic/checking_with_flags_[foo_help]
--- PASS: TestCommand_Run_CommandWithSubcommandHasHelpTopic (0.01s)
    --- PASS: TestCommand_Run_CommandWithSubcommandHasHelpTopic/checking_with_flags_[foo_--help] (0.00s)
    --- PASS: TestCommand_Run_CommandWithSubcommandHasHelpTopic/checking_with_flags_[foo_-h] (0.00s)
    --- PASS: TestCommand_Run_CommandWithSubcommandHasHelpTopic/checking_with_flags_[foo_help] (0.00s)
=== RUN   TestCommand_Run_SubcommandFullPath
--- PASS: TestCommand_Run_SubcommandFullPath (0.00s)
=== RUN   TestCommand_Run_Help
=== RUN   TestCommand_Run_Help/checking_with_arguments_[boom_--help]
=== RUN   TestCommand_Run_Help/checking_with_arguments_[boom_-h]
=== RUN   TestCommand_Run_Help/checking_with_arguments_[boom_help]
=== RUN   TestCommand_Run_Help/checking_with_arguments_[boom_--help]#01
Incorrect Usage: flag: help requested

=== RUN   TestCommand_Run_Help/checking_with_arguments_[boom_-h]#01
Incorrect Usage: flag: help requested

=== RUN   TestCommand_Run_Help/checking_with_arguments_[boom_help]#01
--- PASS: TestCommand_Run_Help (0.01s)
    --- PASS: TestCommand_Run_Help/checking_with_arguments_[boom_--help] (0.00s)
    --- PASS: TestCommand_Run_Help/checking_with_arguments_[boom_-h] (0.00s)
    --- PASS: TestCommand_Run_Help/checking_with_arguments_[boom_help] (0.00s)
    --- PASS: TestCommand_Run_Help/checking_with_arguments_[boom_--help]#01 (0.00s)
    --- PASS: TestCommand_Run_Help/checking_with_arguments_[boom_-h]#01 (0.00s)
    --- PASS: TestCommand_Run_Help/checking_with_arguments_[boom_help]#01 (0.00s)
=== RUN   TestCommand_Run_Version
=== RUN   TestCommand_Run_Version/checking_with_arguments_[boom_--version]
=== RUN   TestCommand_Run_Version/checking_with_arguments_[boom_-v]
--- PASS: TestCommand_Run_Version (0.00s)
    --- PASS: TestCommand_Run_Version/checking_with_arguments_[boom_--version] (0.00s)
    --- PASS: TestCommand_Run_Version/checking_with_arguments_[boom_-v] (0.00s)
=== RUN   TestCommand_Run_Categories
--- PASS: TestCommand_Run_Categories (0.00s)
=== RUN   TestCommand_VisibleCategories
--- PASS: TestCommand_VisibleCategories (0.00s)
=== RUN   TestCommand_Run_SubcommandDoesNotOverwriteErrorFromBefore
--- PASS: TestCommand_Run_SubcommandDoesNotOverwriteErrorFromBefore (0.00s)
=== RUN   TestCommand_OnUsageError_WithWrongFlagValue_ForSubcommand
--- PASS: TestCommand_OnUsageError_WithWrongFlagValue_ForSubcommand (0.00s)
=== RUN   TestCustomFlagsUnused
--- PASS: TestCustomFlagsUnused (0.00s)
=== RUN   TestCustomFlagsUsed
--- PASS: TestCustomFlagsUsed (0.00s)
=== RUN   TestCustomHelpVersionFlags
--- PASS: TestCustomHelpVersionFlags (0.00s)
=== RUN   TestHandleExitCoder_Default
--- PASS: TestHandleExitCoder_Default (0.00s)
=== RUN   TestHandleExitCoder_Custom
--- PASS: TestHandleExitCoder_Custom (0.00s)
=== RUN   TestShellCompletionForIncompleteFlags
--- PASS: TestShellCompletionForIncompleteFlags (0.00s)
=== RUN   TestWhenExitSubCommandWithCodeThenCommandQuitUnexpectedly
--- PASS: TestWhenExitSubCommandWithCodeThenCommandQuitUnexpectedly (0.00s)
=== RUN   TestSetupInitializesBothWriters
--- PASS: TestSetupInitializesBothWriters (0.00s)
=== RUN   TestSetupInitializesOnlyNilWriters
--- PASS: TestSetupInitializesOnlyNilWriters (0.00s)
=== RUN   TestFlagAction
=== RUN   TestFlagAction/flag_string
=== RUN   TestFlagAction/flag_string_error
=== RUN   TestFlagAction/flag_string_slice
=== RUN   TestFlagAction/flag_string_slice_error
=== RUN   TestFlagAction/flag_bool
=== RUN   TestFlagAction/flag_bool_error
=== RUN   TestFlagAction/flag_duration
=== RUN   TestFlagAction/flag_duration_error
=== RUN   TestFlagAction/flag_float64
=== RUN   TestFlagAction/flag_float64_error
=== RUN   TestFlagAction/flag_float64_slice
=== RUN   TestFlagAction/flag_float64_slice_error
=== RUN   TestFlagAction/flag_int
=== RUN   TestFlagAction/flag_int_error
=== RUN   TestFlagAction/flag_int_slice
=== RUN   TestFlagAction/flag_int_slice_error
=== RUN   TestFlagAction/flag_timestamp
    command_test.go:2786: 
        	Error Trace:	/home/nrassudov/Repos/cli/command_test.go:2786
        	Error:      	Not equal: 
        	            	expected: "2022-05-01T02:26:20Z "
        	            	actual  : "2022-05-01T02:26:20+03:00 "
        	            	
        	            	Diff:
        	            	--- Expected
        	            	+++ Actual
        	            	@@ -1 +1 @@
        	            	-2022-05-01T02:26:20Z 
        	            	+2022-05-01T02:26:20+03:00 
        	Test:       	TestFlagAction/flag_timestamp
=== RUN   TestFlagAction/flag_timestamp_error
    command_test.go:2781: 
        	Error Trace:	/home/nrassudov/Repos/cli/command_test.go:2781
        	Error:      	An error is expected but got nil.
        	Test:       	TestFlagAction/flag_timestamp_error
=== RUN   TestFlagAction/flag_uint
=== RUN   TestFlagAction/flag_uint_error
=== RUN   TestFlagAction/flag_no_action
=== RUN   TestFlagAction/command_flag
=== RUN   TestFlagAction/subCommand_flag
=== RUN   TestFlagAction/mixture
=== RUN   TestFlagAction/flag_string_map
=== RUN   TestFlagAction/flag_string_map_error
--- FAIL: TestFlagAction (0.03s)
    --- PASS: TestFlagAction/flag_string (0.00s)
    --- PASS: TestFlagAction/flag_string_error (0.00s)
    --- PASS: TestFlagAction/flag_string_slice (0.00s)
    --- PASS: TestFlagAction/flag_string_slice_error (0.00s)
    --- PASS: TestFlagAction/flag_bool (0.00s)
    --- PASS: TestFlagAction/flag_bool_error (0.00s)
    --- PASS: TestFlagAction/flag_duration (0.00s)
    --- PASS: TestFlagAction/flag_duration_error (0.00s)
    --- PASS: TestFlagAction/flag_float64 (0.00s)
    --- PASS: TestFlagAction/flag_float64_error (0.00s)
    --- PASS: TestFlagAction/flag_float64_slice (0.00s)
    --- PASS: TestFlagAction/flag_float64_slice_error (0.00s)
    --- PASS: TestFlagAction/flag_int (0.00s)
    --- PASS: TestFlagAction/flag_int_error (0.00s)
    --- PASS: TestFlagAction/flag_int_slice (0.00s)
    --- PASS: TestFlagAction/flag_int_slice_error (0.00s)
    --- FAIL: TestFlagAction/flag_timestamp (0.00s)
    --- FAIL: TestFlagAction/flag_timestamp_error (0.00s)
    --- PASS: TestFlagAction/flag_uint (0.00s)
    --- PASS: TestFlagAction/flag_uint_error (0.00s)
    --- PASS: TestFlagAction/flag_no_action (0.00s)
    --- PASS: TestFlagAction/command_flag (0.00s)
    --- PASS: TestFlagAction/subCommand_flag (0.00s)
    --- PASS: TestFlagAction/mixture (0.00s)
    --- PASS: TestFlagAction/flag_string_map (0.00s)
    --- PASS: TestFlagAction/flag_string_map_error (0.00s)
=== RUN   TestPersistentFlag
--- PASS: TestPersistentFlag (0.00s)
=== RUN   TestPersistentFlagIsSet
--- PASS: TestPersistentFlagIsSet (0.00s)
=== RUN   TestRequiredPersistentFlag
NAME:
   root sub

USAGE:
   root sub [command [command options]] [arguments...]

COMMANDS:
   help, h  Shows a list of commands or help for one command

OPTIONS:
   --help, -h  show help
--- PASS: TestRequiredPersistentFlag (0.00s)
=== RUN   TestFlagDuplicates
=== RUN   TestFlagDuplicates/all_args_present_once
=== RUN   TestFlagDuplicates/duplicate_non_slice_flag(duplicatable)
=== RUN   TestFlagDuplicates/duplicate_non_slice_flag(non_duplicatable)
Incorrect Usage: invalid value "trip" for flag -sflag: cant duplicate this flag

NAME:
   foo - A new cli application

USAGE:
   foo [global options] [command [command options]] [arguments...]

COMMANDS:
   help, h  Shows a list of commands or help for one command

GLOBAL OPTIONS:
   --sflag value                      
   --isflag value [ --isflag value ]  
   --fsflag value [ --fsflag value ]  
   --iflag value                      (default: 0)
   --help, -h                         show help
=== RUN   TestFlagDuplicates/duplicate_slice_flag(non_duplicatable)
Incorrect Usage: invalid value "3.0" for flag -fsflag: cant duplicate this flag

NAME:
   foo - A new cli application

USAGE:
   foo [global options] [command [command options]] [arguments...]

COMMANDS:
   help, h  Shows a list of commands or help for one command

GLOBAL OPTIONS:
   --sflag value                      
   --isflag value [ --isflag value ]  
   --fsflag value [ --fsflag value ]  
   --iflag value                      (default: 0)
   --help, -h                         show help
--- PASS: TestFlagDuplicates (0.01s)
    --- PASS: TestFlagDuplicates/all_args_present_once (0.00s)
    --- PASS: TestFlagDuplicates/duplicate_non_slice_flag(duplicatable) (0.00s)
    --- PASS: TestFlagDuplicates/duplicate_non_slice_flag(non_duplicatable) (0.00s)
    --- PASS: TestFlagDuplicates/duplicate_slice_flag(non_duplicatable) (0.00s)
=== RUN   TestShorthandCommand
--- PASS: TestShorthandCommand (0.00s)
=== RUN   TestCommand_Int
--- PASS: TestCommand_Int (0.00s)
=== RUN   TestCommand_Uint
--- PASS: TestCommand_Uint (0.00s)
=== RUN   TestCommand_Float64
--- PASS: TestCommand_Float64 (0.00s)
=== RUN   TestCommand_Duration
--- PASS: TestCommand_Duration (0.00s)
=== RUN   TestCommand_Timestamp
--- PASS: TestCommand_Timestamp (0.00s)
=== RUN   TestCommand_String
--- PASS: TestCommand_String (0.00s)
=== RUN   TestCommand_Bool
--- PASS: TestCommand_Bool (0.00s)
=== RUN   TestCommand_Value
=== RUN   TestCommand_Value/flag_name
=== RUN   TestCommand_Value/flag_aliases
--- PASS: TestCommand_Value (0.00s)
    --- PASS: TestCommand_Value/flag_name (0.00s)
    --- PASS: TestCommand_Value/flag_aliases (0.00s)
=== RUN   TestCommand_Value_InvalidFlagAccessHandler
--- PASS: TestCommand_Value_InvalidFlagAccessHandler (0.00s)
=== RUN   TestCommand_Args
--- PASS: TestCommand_Args (0.00s)
=== RUN   TestCommand_NArg
--- PASS: TestCommand_NArg (0.00s)
=== RUN   TestCommand_IsSet
--- PASS: TestCommand_IsSet (0.00s)
=== RUN   TestCommand_IsSet_fromEnv
Incorrect Usage: could not parse "foobar" as float64 value from environment variable "APP_UNPARSABLE" for flag unparsable: strconv.ParseFloat: parsing "foobar": invalid syntax

NAME:
   run - A new cli application

USAGE:
   run [global options] [command [command options]] [arguments...]

COMMANDS:
   help, h  Shows a list of commands or help for one command

GLOBAL OPTIONS:
   --timeout value, -t value     (default: 0) [$APP_TIMEOUT_SECONDS]
   --password value, -p value     [$APP_PASSWORD]
   --unparsable value, -u value  (default: 0) [$APP_UNPARSABLE]
   --no-env-var value, -n value  (default: 0)
   --help, -h                    show help
--- PASS: TestCommand_IsSet_fromEnv (0.00s)
=== RUN   TestCommand_NumFlags
--- PASS: TestCommand_NumFlags (0.00s)
=== RUN   TestCommand_Set
--- PASS: TestCommand_Set (0.00s)
=== RUN   TestCommand_Set_InvalidFlagAccessHandler
--- PASS: TestCommand_Set_InvalidFlagAccessHandler (0.00s)
=== RUN   TestCommand_LocalFlagNames
--- PASS: TestCommand_LocalFlagNames (0.00s)
=== RUN   TestCommand_FlagNames
--- PASS: TestCommand_FlagNames (0.00s)
=== RUN   TestCommand_Lineage
--- PASS: TestCommand_Lineage (0.00s)
=== RUN   TestCommand_lookupFlagSet
--- PASS: TestCommand_lookupFlagSet (0.00s)
=== RUN   TestCommandAttributeAccessing
=== RUN   TestCommandAttributeAccessing/empty
=== RUN   TestCommandAttributeAccessing/empty_with_background_context
=== RUN   TestCommandAttributeAccessing/empty_set_bool_and_present_ctx_bool
=== RUN   TestCommandAttributeAccessing/present_set_bool_and_present_ctx_bool_with_background_context
=== RUN   TestCommandAttributeAccessing/present_set_bool_and_present_ctx_bool
=== RUN   TestCommandAttributeAccessing/present_set_bool_and_present_ctx_bool_with_background_context#01
=== RUN   TestCommandAttributeAccessing/present_set_bool_and_different_ctx_bool
=== RUN   TestCommandAttributeAccessing/present_set_bool_and_different_ctx_bool_with_background_context
--- PASS: TestCommandAttributeAccessing (0.00s)
    --- PASS: TestCommandAttributeAccessing/empty (0.00s)
    --- PASS: TestCommandAttributeAccessing/empty_with_background_context (0.00s)
    --- PASS: TestCommandAttributeAccessing/empty_set_bool_and_present_ctx_bool (0.00s)
    --- PASS: TestCommandAttributeAccessing/present_set_bool_and_present_ctx_bool_with_background_context (0.00s)
    --- PASS: TestCommandAttributeAccessing/present_set_bool_and_present_ctx_bool (0.00s)
    --- PASS: TestCommandAttributeAccessing/present_set_bool_and_present_ctx_bool_with_background_context#01 (0.00s)
    --- PASS: TestCommandAttributeAccessing/present_set_bool_and_different_ctx_bool (0.00s)
    --- PASS: TestCommandAttributeAccessing/present_set_bool_and_different_ctx_bool_with_background_context (0.00s)
=== RUN   TestCheckRequiredFlags
=== RUN   TestCheckRequiredFlags/empty
=== RUN   TestCheckRequiredFlags/optional
=== RUN   TestCheckRequiredFlags/required
=== RUN   TestCheckRequiredFlags/required_and_present
=== RUN   TestCheckRequiredFlags/required_and_present_via_env_var
=== RUN   TestCheckRequiredFlags/required_and_optional
=== RUN   TestCheckRequiredFlags/required_and_optional_and_optional_present
=== RUN   TestCheckRequiredFlags/required_and_optional_and_optional_present_via_env_var
=== RUN   TestCheckRequiredFlags/required_and_optional_and_required_present
=== RUN   TestCheckRequiredFlags/two_required
=== RUN   TestCheckRequiredFlags/two_required_and_one_present
=== RUN   TestCheckRequiredFlags/two_required_and_both_present
=== RUN   TestCheckRequiredFlags/required_flag_with_short_name
=== RUN   TestCheckRequiredFlags/required_flag_with_multiple_short_names
=== RUN   TestCheckRequiredFlags/required_flag_with_short_alias_not_printed_on_error
=== RUN   TestCheckRequiredFlags/required_flag_with_one_character
--- PASS: TestCheckRequiredFlags (0.00s)
    --- PASS: TestCheckRequiredFlags/empty (0.00s)
    --- PASS: TestCheckRequiredFlags/optional (0.00s)
    --- PASS: TestCheckRequiredFlags/required (0.00s)
    --- PASS: TestCheckRequiredFlags/required_and_present (0.00s)
    --- PASS: TestCheckRequiredFlags/required_and_present_via_env_var (0.00s)
    --- PASS: TestCheckRequiredFlags/required_and_optional (0.00s)
    --- PASS: TestCheckRequiredFlags/required_and_optional_and_optional_present (0.00s)
    --- PASS: TestCheckRequiredFlags/required_and_optional_and_optional_present_via_env_var (0.00s)
    --- PASS: TestCheckRequiredFlags/required_and_optional_and_required_present (0.00s)
    --- PASS: TestCheckRequiredFlags/two_required (0.00s)
    --- PASS: TestCheckRequiredFlags/two_required_and_one_present (0.00s)
    --- PASS: TestCheckRequiredFlags/two_required_and_both_present (0.00s)
    --- PASS: TestCheckRequiredFlags/required_flag_with_short_name (0.00s)
    --- PASS: TestCheckRequiredFlags/required_flag_with_multiple_short_names (0.00s)
    --- PASS: TestCheckRequiredFlags/required_flag_with_short_alias_not_printed_on_error (0.00s)
    --- PASS: TestCheckRequiredFlags/required_flag_with_one_character (0.00s)
=== RUN   TestCommand_ParentCommand_Set
--- PASS: TestCommand_ParentCommand_Set (0.00s)
=== RUN   TestCommandReadArgsFromStdIn
=== RUN   TestCommandReadArgsFromStdIn/empty
=== RUN   TestCommandReadArgsFromStdIn/empty2
=== RUN   TestCommandReadArgsFromStdIn/intflag-from-input
=== RUN   TestCommandReadArgsFromStdIn/intflag-from-input2
=== RUN   TestCommandReadArgsFromStdIn/multiflag-from-input
=== RUN   TestCommandReadArgsFromStdIn/end-args
=== RUN   TestCommandReadArgsFromStdIn/invalid_string
=== RUN   TestCommandReadArgsFromStdIn/invalid_string2
Incorrect Usage: flag needs an argument: -if

=== RUN   TestCommandReadArgsFromStdIn/incomplete_string
--- PASS: TestCommandReadArgsFromStdIn (0.01s)
    --- PASS: TestCommandReadArgsFromStdIn/empty (0.00s)
    --- PASS: TestCommandReadArgsFromStdIn/empty2 (0.00s)
    --- PASS: TestCommandReadArgsFromStdIn/intflag-from-input (0.00s)
    --- PASS: TestCommandReadArgsFromStdIn/intflag-from-input2 (0.00s)
    --- PASS: TestCommandReadArgsFromStdIn/multiflag-from-input (0.00s)
    --- PASS: TestCommandReadArgsFromStdIn/end-args (0.00s)
    --- PASS: TestCommandReadArgsFromStdIn/invalid_string (0.00s)
    --- PASS: TestCommandReadArgsFromStdIn/invalid_string2 (0.00s)
    --- PASS: TestCommandReadArgsFromStdIn/incomplete_string (0.00s)
=== RUN   TestJSONExportCommand
--- PASS: TestJSONExportCommand (0.00s)
=== RUN   TestCompletionDisable
--- PASS: TestCompletionDisable (0.00s)
=== RUN   TestCompletionEnable
--- PASS: TestCompletionEnable (0.00s)
=== RUN   TestCompletionEnableDiffCommandName
--- PASS: TestCompletionEnableDiffCommandName (0.00s)
=== RUN   TestCompletionShell
=== RUN   TestCompletionShell/bash
#! /bin/bash

: ${PROG:=$(basename ${BASH_SOURCE})}

# Macs have bash3 for which the bash-completion package doesn't include
# _init_completion. This is a minimal version of that function.
_cli_init_completion() {
  COMPREPLY=()
  _get_comp_words_by_ref "$@" cur prev words cword
}

_cli_bash_autocomplete() {
  if [[ "${COMP_WORDS[0]}" != "source" ]]; then
    local cur opts base words
    COMPREPLY=()
    cur="${COMP_WORDS[COMP_CWORD]}"
    if declare -F _init_completion >/dev/null 2>&1; then
      _init_completion -n "=:" || return
    else
      _cli_init_completion -n "=:" || return
    fi
    words=("${words[@]:0:$cword}")
    if [[ "$cur" == "-"* ]]; then
      requestComp="${words[*]} ${cur} --generate-shell-completion"
    else
      requestComp="${words[*]} --generate-shell-completion"
    fi
    opts=$(eval "${requestComp}" 2>/dev/null)
    COMPREPLY=($(compgen -W "${opts}" -- ${cur}))
    return 0
  fi
}

complete -o bashdefault -o default -o nospace -F _cli_bash_autocomplete $PROG
unset PROG
=== RUN   TestCompletionShell/ps
$fn = $($MyInvocation.MyCommand.Name)
$name = $fn -replace "(.*)\.ps1$", '$1'
Register-ArgumentCompleter -Native -CommandName $name -ScriptBlock {
     param($commandName, $wordToComplete, $cursorPosition)
     $other = "$wordToComplete --generate-shell-completion"
         Invoke-Expression $other | ForEach-Object {
            [System.Management.Automation.CompletionResult]::new($_, $_, 'ParameterValue', $_)
         }
 }=== RUN   TestCompletionShell/zsh
#compdef program
compdef _program program

# Replace all occurrences of "program" in this file with the actual name of your
# CLI program. We recommend using Find+Replace feature of your editor. Let's say
# your CLI program is called "acme", then replace like so:
# * program => acme
# * _program => _acme

_program() {
	local -a opts
	local cur
	cur=${words[-1]}
	if [[ "$cur" == "-"* ]]; then
		opts=("${(@f)$(${words[@]:0:#words[@]-1} ${cur} --generate-shell-completion)}")
	else
		opts=("${(@f)$(${words[@]:0:#words[@]-1} --generate-shell-completion)}")
	fi

	if [[ "${opts[1]}" != "" ]]; then
		_describe 'values' opts
	else
		_files
	fi
}

# don't run the completion function when being source-ed or eval-ed
if [ "$funcstack[1]" = "_program" ]; then
	_program
fi
=== RUN   TestCompletionShell/fish
# generate-completion fish shell completion

function __fish_generate-completion_no_subcommand --description 'Test if there has been any subcommand yet'
    for i in (commandline -opc)
        if contains -- $i help h
            return 1
        end
    end
    return 0
end

complete -c generate-completion -n '__fish_generate-completion_no_subcommand' -f -l help -s h -d 'show help'
complete -c generate-completion -n '__fish_generate-completion_no_subcommand' -f -l help -s h -d 'show help'
complete -r -c generate-completion -n '__fish_generate-completion_no_subcommand' -a 'help h' -d 'Shows a list of commands or help for one command'
--- PASS: TestCompletionShell (0.00s)
    --- PASS: TestCompletionShell/bash (0.00s)
    --- PASS: TestCompletionShell/ps (0.00s)
    --- PASS: TestCompletionShell/zsh (0.00s)
    --- PASS: TestCompletionShell/fish (0.00s)
=== RUN   TestCompletionSubcommand
--- PASS: TestCompletionSubcommand (0.00s)
=== RUN   TestCompletionInvalidShell
--- PASS: TestCompletionInvalidShell (0.00s)
=== RUN   TestHandleExitCoder_nil
--- PASS: TestHandleExitCoder_nil (0.00s)
=== RUN   TestHandleExitCoder_ExitCoder
--- PASS: TestHandleExitCoder_ExitCoder (0.00s)
=== RUN   TestHandleExitCoder_ErrorExitCoder
--- PASS: TestHandleExitCoder_ErrorExitCoder (0.00s)
=== RUN   TestHandleExitCoder_MultiErrorWithExitCoder
--- PASS: TestHandleExitCoder_MultiErrorWithExitCoder (0.00s)
=== RUN   TestHandleExitCoder_MultiErrorWithoutExitCoder
--- PASS: TestHandleExitCoder_MultiErrorWithoutExitCoder (0.00s)
=== RUN   TestHandleExitCoder_ErrorWithFormat
--- PASS: TestHandleExitCoder_ErrorWithFormat (0.00s)
=== RUN   TestHandleExitCoder_MultiErrorWithFormat
--- PASS: TestHandleExitCoder_MultiErrorWithFormat (0.00s)
=== RUN   TestMultiErrorErrorsCopy
--- PASS: TestMultiErrorErrorsCopy (0.00s)
=== RUN   TestErrRequiredFlags_Error
--- PASS: TestErrRequiredFlags_Error (0.00s)
=== RUN   TestFishCompletion
--- PASS: TestFishCompletion (0.00s)
=== RUN   TestBoolWithInverseBasic
=== RUN   TestBoolWithInverseBasic/--no-envfalse_true_<nil>
=== RUN   TestBoolWithInverseBasic/--envtrue_true_<nil>
=== RUN   TestBoolWithInverseBasic/false_false_<nil>
=== RUN   TestBoolWithInverseBasic/--env_--no-envfalse_false_cannot_set_both_flags_`--env`_and_`--no-env`
--- PASS: TestBoolWithInverseBasic (0.00s)
    --- PASS: TestBoolWithInverseBasic/--no-envfalse_true_<nil> (0.00s)
    --- PASS: TestBoolWithInverseBasic/--envtrue_true_<nil> (0.00s)
    --- PASS: TestBoolWithInverseBasic/false_false_<nil> (0.00s)
    --- PASS: TestBoolWithInverseBasic/--env_--no-envfalse_false_cannot_set_both_flags_`--env`_and_`--no-env` (0.00s)
=== RUN   TestBoolWithInverseAction
=== RUN   TestBoolWithInverseAction/--no-envtrue_true_<nil>
=== RUN   TestBoolWithInverseAction/--envfalse_true_<nil>
=== RUN   TestBoolWithInverseAction/false_false_<nil>
=== RUN   TestBoolWithInverseAction/--env_--no-envfalse_false_cannot_set_both_flags_`--env`_and_`--no-env`
--- PASS: TestBoolWithInverseAction (0.00s)
    --- PASS: TestBoolWithInverseAction/--no-envtrue_true_<nil> (0.00s)
    --- PASS: TestBoolWithInverseAction/--envfalse_true_<nil> (0.00s)
    --- PASS: TestBoolWithInverseAction/false_false_<nil> (0.00s)
    --- PASS: TestBoolWithInverseAction/--env_--no-envfalse_false_cannot_set_both_flags_`--env`_and_`--no-env` (0.00s)
=== RUN   TestBoolWithInverseAlias
=== RUN   TestBoolWithInverseAlias/--no-efalse_true_<nil>
=== RUN   TestBoolWithInverseAlias/--etrue_true_<nil>
=== RUN   TestBoolWithInverseAlias/false_false_<nil>
=== RUN   TestBoolWithInverseAlias/--do-env_--no-do-envfalse_false_cannot_set_both_flags_`--env`_and_`--no-env`
--- PASS: TestBoolWithInverseAlias (0.00s)
    --- PASS: TestBoolWithInverseAlias/--no-efalse_true_<nil> (0.00s)
    --- PASS: TestBoolWithInverseAlias/--etrue_true_<nil> (0.00s)
    --- PASS: TestBoolWithInverseAlias/false_false_<nil> (0.00s)
    --- PASS: TestBoolWithInverseAlias/--do-env_--no-do-envfalse_false_cannot_set_both_flags_`--env`_and_`--no-env` (0.00s)
=== RUN   TestBoolWithInverseEnvVars
=== RUN   TestBoolWithInverseEnvVars/false_true_<nil>
=== RUN   TestBoolWithInverseEnvVars/true_true_<nil>
=== RUN   TestBoolWithInverseEnvVars/false_true_<nil>#01
=== RUN   TestBoolWithInverseEnvVars/false_false_<nil>
=== RUN   TestBoolWithInverseEnvVars/false_false_cannot_set_both_flags_`--env`_and_`--no-env`
--- PASS: TestBoolWithInverseEnvVars (0.00s)
    --- PASS: TestBoolWithInverseEnvVars/false_true_<nil> (0.00s)
    --- PASS: TestBoolWithInverseEnvVars/true_true_<nil> (0.00s)
    --- PASS: TestBoolWithInverseEnvVars/false_true_<nil>#01 (0.00s)
    --- PASS: TestBoolWithInverseEnvVars/false_false_<nil> (0.00s)
    --- PASS: TestBoolWithInverseEnvVars/false_false_cannot_set_both_flags_`--env`_and_`--no-env` (0.00s)
=== RUN   TestBoolWithInverseWithPrefix
=== RUN   TestBoolWithInverseWithPrefix/--without-envfalse_true_<nil>
=== RUN   TestBoolWithInverseWithPrefix/--envtrue_true_<nil>
=== RUN   TestBoolWithInverseWithPrefix/false_false_<nil>
=== RUN   TestBoolWithInverseWithPrefix/--env_--without-envfalse_false_cannot_set_both_flags_`--env`_and_`--without-env`
--- PASS: TestBoolWithInverseWithPrefix (0.00s)
    --- PASS: TestBoolWithInverseWithPrefix/--without-envfalse_true_<nil> (0.00s)
    --- PASS: TestBoolWithInverseWithPrefix/--envtrue_true_<nil> (0.00s)
    --- PASS: TestBoolWithInverseWithPrefix/false_false_<nil> (0.00s)
    --- PASS: TestBoolWithInverseWithPrefix/--env_--without-envfalse_false_cannot_set_both_flags_`--env`_and_`--without-env` (0.00s)
=== RUN   TestBoolWithInverseRequired
=== RUN   TestBoolWithInverseRequired/--no-envfalse_true_<nil>
=== RUN   TestBoolWithInverseRequired/--envtrue_true_<nil>
=== RUN   TestBoolWithInverseRequired/false_false_Required_flag_"no-env"_not_set
NAME:
   prog - A new cli application

USAGE:
   prog [command [command options]] [arguments...]

COMMANDS:
   help, h  Shows a list of commands or help for one command

OPTIONS:
   --env        || --no-env  
   --help, -h  show help
=== RUN   TestBoolWithInverseRequired/--env_--no-envfalse_false_cannot_set_both_flags_`--env`_and_`--no-env`
--- PASS: TestBoolWithInverseRequired (0.00s)
    --- PASS: TestBoolWithInverseRequired/--no-envfalse_true_<nil> (0.00s)
    --- PASS: TestBoolWithInverseRequired/--envtrue_true_<nil> (0.00s)
    --- PASS: TestBoolWithInverseRequired/false_false_Required_flag_"no-env"_not_set (0.00s)
    --- PASS: TestBoolWithInverseRequired/--env_--no-envfalse_false_cannot_set_both_flags_`--env`_and_`--no-env` (0.00s)
=== RUN   TestBoolWithInverseNames
--- PASS: TestBoolWithInverseNames (0.00s)
=== RUN   TestBoolWithInverseDestination
--- PASS: TestBoolWithInverseDestination (0.00s)
=== RUN   TestFlagMutuallyExclusiveFlags
NAME:
   foo - A new cli application

USAGE:
   foo [global options] [command [command options]] [arguments...]

COMMANDS:
   help, h  Shows a list of commands or help for one command

GLOBAL OPTIONS:
   --help, -h            show help
   -i value              (default: 0)
   -s value              
   -t value, --ai value  (default: 0)
NAME:
   foo - A new cli application

USAGE:
   foo [global options] [command [command options]] [arguments...]

COMMANDS:
   help, h  Shows a list of commands or help for one command

GLOBAL OPTIONS:
   --help, -h            show help
   -i value              (default: 0)
   -s value              
   -t value, --ai value  (default: 0)
NAME:
   foo - A new cli application

USAGE:
   foo [command [command options]] [arguments...]

COMMANDS:
   help, h  Shows a list of commands or help for one command

OPTIONS:
   --help, -h            show help
   -i value              (default: 0)
   -s value              
   -t value, --ai value  (default: 0)
NAME:
   foo - A new cli application

USAGE:
   foo [command [command options]] [arguments...]

COMMANDS:
   help, h  Shows a list of commands or help for one command

OPTIONS:
   --help, -h            show help
   -i value              (default: 0)
   -s value              
   -t value, --ai value  (default: 0)
NAME:
   foo - A new cli application

USAGE:
   foo [global options] [command [command options]] [arguments...]

COMMANDS:
   help, h  Shows a list of commands or help for one command

GLOBAL OPTIONS:
   --help, -h            show help
   -i value              (default: 0)
   -s value              
   -t value, --ai value  (default: 0)
NAME:
   foo - A new cli application

USAGE:
   foo [command [command options]] [arguments...]

COMMANDS:
   help, h  Shows a list of commands or help for one command

OPTIONS:
   --help, -h            show help
   -i value              (default: 0)
   -s value              
   -t value, --ai value  (default: 0)
--- PASS: TestFlagMutuallyExclusiveFlags (0.01s)
=== RUN   TestBoolFlagHelpOutput
--- PASS: TestBoolFlagHelpOutput (0.00s)
=== RUN   TestBoolFlagApply_SetsAllNames
--- PASS: TestBoolFlagApply_SetsAllNames (0.00s)
=== RUN   TestBoolFlagValueFromCommand
--- PASS: TestBoolFlagValueFromCommand (0.00s)
=== RUN   TestBoolFlagApply_SetsCount
--- PASS: TestBoolFlagApply_SetsCount (0.00s)
=== RUN   TestBoolFlagCountFromCommand
NAME:
   main - A new cli application

USAGE:
   main [global options] [command [command options]] [arguments...]

COMMANDS:
   help, h  Shows a list of commands or help for one command

GLOBAL OPTIONS:
   --tf, -w, --huh  (default: false)
   --help, -h       show help
NAME:
   main - A new cli application

USAGE:
   main [global options] [command [command options]] [arguments...]

COMMANDS:
   help, h  Shows a list of commands or help for one command

GLOBAL OPTIONS:
   --tf, -w, --huh  (default: false)
   --help, -h       show help
NAME:
   main - A new cli application

USAGE:
   main [global options] [command [command options]] [arguments...]

COMMANDS:
   help, h  Shows a list of commands or help for one command

GLOBAL OPTIONS:
   --tf, -w, --huh  (default: false)
   --help, -h       show help
--- PASS: TestBoolFlagCountFromCommand (0.01s)
=== RUN   TestFlagsFromEnv
=== RUN   TestFlagsFromEnv/BoolFlag_valid_true
=== RUN   TestFlagsFromEnv/BoolFlag_valid_false
=== RUN   TestFlagsFromEnv/BoolFlag_invalid
Incorrect Usage: could not parse "foobar" as bool value from environment variable "DEBUG" for flag debug: parse error

NAME:
   run - A new cli application

USAGE:
   run [global options] [command [command options]] [arguments...]

COMMANDS:
   help, h  Shows a list of commands or help for one command

GLOBAL OPTIONS:
   --debug     (default: false) [$DEBUG]
   --help, -h  show help
=== RUN   TestFlagsFromEnv/DurationFlag_valid
=== RUN   TestFlagsFromEnv/DurationFlag_invalid
Incorrect Usage: could not parse "foobar" as time.Duration value from environment variable "TIME" for flag time: time: invalid duration "foobar"

NAME:
   run - A new cli application

USAGE:
   run [global options] [command [command options]] [arguments...]

COMMANDS:
   help, h  Shows a list of commands or help for one command

GLOBAL OPTIONS:
   --time value  (default: 0s) [$TIME]
   --help, -h    show help
=== RUN   TestFlagsFromEnv/Float64Flag_valid
=== RUN   TestFlagsFromEnv/Float64Flag_valid_from_int
=== RUN   TestFlagsFromEnv/Float64Flag_invalid
Incorrect Usage: could not parse "foobar" as float64 value from environment variable "SECONDS" for flag seconds: strconv.ParseFloat: parsing "foobar": invalid syntax

NAME:
   run - A new cli application

USAGE:
   run [global options] [command [command options]] [arguments...]

COMMANDS:
   help, h  Shows a list of commands or help for one command

GLOBAL OPTIONS:
   --seconds value  (default: 0) [$SECONDS]
   --help, -h       show help
=== RUN   TestFlagsFromEnv/IntFlag_valid
=== RUN   TestFlagsFromEnv/IntFlag_invalid_from_float
Incorrect Usage: could not parse "1.2" as int64 value from environment variable "SECONDS" for flag seconds: strconv.ParseInt: parsing "1.2": invalid syntax

NAME:
   run - A new cli application

USAGE:
   run [global options] [command [command options]] [arguments...]

COMMANDS:
   help, h  Shows a list of commands or help for one command

GLOBAL OPTIONS:
   --seconds value  (default: 0) [$SECONDS]
   --help, -h       show help
=== RUN   TestFlagsFromEnv/IntFlag_invalid
Incorrect Usage: could not parse "foobar" as int64 value from environment variable "SECONDS" for flag seconds: strconv.ParseInt: parsing "foobar": invalid syntax

NAME:
   run - A new cli application

USAGE:
   run [global options] [command [command options]] [arguments...]

COMMANDS:
   help, h  Shows a list of commands or help for one command

GLOBAL OPTIONS:
   --seconds value  (default: 0) [$SECONDS]
   --help, -h       show help
=== RUN   TestFlagsFromEnv/IntFlag_valid_from_hex
=== RUN   TestFlagsFromEnv/IntFlag_invalid_from_octal
Incorrect Usage: could not parse "08" as int64 value from environment variable "SECONDS" for flag seconds: strconv.ParseInt: parsing "08": invalid syntax

NAME:
   run - A new cli application

USAGE:
   run [global options] [command [command options]] [arguments...]

COMMANDS:
   help, h  Shows a list of commands or help for one command

GLOBAL OPTIONS:
   --seconds value  (default: 0) [$SECONDS]
   --help, -h       show help
=== RUN   TestFlagsFromEnv/Float64SliceFlag_valid
=== RUN   TestFlagsFromEnv/Float64SliceFlag_invalid
Incorrect Usage: could not parse "foobar" as []float64 value from environment variable "SECONDS" for flag seconds: strconv.ParseFloat: parsing "foobar": invalid syntax

NAME:
   run - A new cli application

USAGE:
   run [global options] [command [command options]] [arguments...]

COMMANDS:
   help, h  Shows a list of commands or help for one command

GLOBAL OPTIONS:
   --seconds value [ --seconds value ]   [$SECONDS]
   --help, -h                           show help
=== RUN   TestFlagsFromEnv/IntSliceFlag_valid
=== RUN   TestFlagsFromEnv/IntSliceFlag_invalid_from_float
Incorrect Usage: could not parse "1.2,2" as []int64 value from environment variable "SECONDS" for flag seconds: strconv.ParseInt: parsing "1.2": invalid syntax

NAME:
   run - A new cli application

USAGE:
   run [global options] [command [command options]] [arguments...]

COMMANDS:
   help, h  Shows a list of commands or help for one command

GLOBAL OPTIONS:
   --seconds value [ --seconds value ]   [$SECONDS]
   --help, -h                           show help
=== RUN   TestFlagsFromEnv/IntSliceFlag_invalid
Incorrect Usage: could not parse "foobar" as []int64 value from environment variable "SECONDS" for flag seconds: strconv.ParseInt: parsing "foobar": invalid syntax

NAME:
   run - A new cli application

USAGE:
   run [global options] [command [command options]] [arguments...]

COMMANDS:
   help, h  Shows a list of commands or help for one command

GLOBAL OPTIONS:
   --seconds value [ --seconds value ]   [$SECONDS]
   --help, -h                           show help
=== RUN   TestFlagsFromEnv/UintSliceFlag_valid
=== RUN   TestFlagsFromEnv/UintSliceFlag_invalid_with_float
Incorrect Usage: could not parse "1.2,2" as []uint64 value from environment variable "SECONDS" for flag seconds: strconv.ParseUint: parsing "1.2": invalid syntax

NAME:
   run - A new cli application

USAGE:
   run [global options] [command [command options]] [arguments...]

COMMANDS:
   help, h  Shows a list of commands or help for one command

GLOBAL OPTIONS:
   --seconds value [ --seconds value ]   [$SECONDS]
   --help, -h                           show help
=== RUN   TestFlagsFromEnv/UintSliceFlag_invalid
Incorrect Usage: could not parse "foobar" as []uint64 value from environment variable "SECONDS" for flag seconds: strconv.ParseUint: parsing "foobar": invalid syntax

NAME:
   run - A new cli application

USAGE:
   run [global options] [command [command options]] [arguments...]

COMMANDS:
   help, h  Shows a list of commands or help for one command

GLOBAL OPTIONS:
   --seconds value [ --seconds value ]   [$SECONDS]
   --help, -h                           show help
=== RUN   TestFlagsFromEnv/StringFlag_valid
=== RUN   TestFlagsFromEnv/StringFlag_valid_with_TrimSpace
=== RUN   TestFlagsFromEnv/StringSliceFlag_valid
=== RUN   TestFlagsFromEnv/StringSliceFlag_valid_with_TrimSpace
=== RUN   TestFlagsFromEnv/StringMapFlag_valid
=== RUN   TestFlagsFromEnv/StringMapFlag_valid_with_TrimSpace
=== RUN   TestFlagsFromEnv/UintFlag_valid
=== RUN   TestFlagsFromEnv/UintFlag_valid_leading_zero
=== RUN   TestFlagsFromEnv/UintFlag_valid_from_octal
=== RUN   TestFlagsFromEnv/UintFlag_valid_from_hex
=== RUN   TestFlagsFromEnv/UintFlag_invalid_octal
Incorrect Usage: could not parse "08" as uint64 value from environment variable "SECONDS" for flag seconds: strconv.ParseUint: parsing "08": invalid syntax

NAME:
   run - A new cli application

USAGE:
   run [global options] [command [command options]] [arguments...]

COMMANDS:
   help, h  Shows a list of commands or help for one command

GLOBAL OPTIONS:
   --seconds value  (default: 0) [$SECONDS]
   --help, -h       show help
=== RUN   TestFlagsFromEnv/UintFlag_invalid_float
Incorrect Usage: could not parse "1.2" as uint64 value from environment variable "SECONDS" for flag seconds: strconv.ParseUint: parsing "1.2": invalid syntax

NAME:
   run - A new cli application

USAGE:
   run [global options] [command [command options]] [arguments...]

COMMANDS:
   help, h  Shows a list of commands or help for one command

GLOBAL OPTIONS:
   --seconds value  (default: 0) [$SECONDS]
   --help, -h       show help
=== RUN   TestFlagsFromEnv/UintFlag_invalid
Incorrect Usage: could not parse "foobar" as uint64 value from environment variable "SECONDS" for flag seconds: strconv.ParseUint: parsing "foobar": invalid syntax

NAME:
   run - A new cli application

USAGE:
   run [global options] [command [command options]] [arguments...]

COMMANDS:
   help, h  Shows a list of commands or help for one command

GLOBAL OPTIONS:
   --seconds value  (default: 0) [$SECONDS]
   --help, -h       show help
--- PASS: TestFlagsFromEnv (0.04s)
    --- PASS: TestFlagsFromEnv/BoolFlag_valid_true (0.00s)
    --- PASS: TestFlagsFromEnv/BoolFlag_valid_false (0.00s)
    --- PASS: TestFlagsFromEnv/BoolFlag_invalid (0.00s)
    --- PASS: TestFlagsFromEnv/DurationFlag_valid (0.00s)
    --- PASS: TestFlagsFromEnv/DurationFlag_invalid (0.00s)
    --- PASS: TestFlagsFromEnv/Float64Flag_valid (0.00s)
    --- PASS: TestFlagsFromEnv/Float64Flag_valid_from_int (0.00s)
    --- PASS: TestFlagsFromEnv/Float64Flag_invalid (0.00s)
    --- PASS: TestFlagsFromEnv/IntFlag_valid (0.00s)
    --- PASS: TestFlagsFromEnv/IntFlag_invalid_from_float (0.00s)
    --- PASS: TestFlagsFromEnv/IntFlag_invalid (0.00s)
    --- PASS: TestFlagsFromEnv/IntFlag_valid_from_hex (0.00s)
    --- PASS: TestFlagsFromEnv/IntFlag_invalid_from_octal (0.00s)
    --- PASS: TestFlagsFromEnv/Float64SliceFlag_valid (0.00s)
    --- PASS: TestFlagsFromEnv/Float64SliceFlag_invalid (0.00s)
    --- PASS: TestFlagsFromEnv/IntSliceFlag_valid (0.00s)
    --- PASS: TestFlagsFromEnv/IntSliceFlag_invalid_from_float (0.00s)
    --- PASS: TestFlagsFromEnv/IntSliceFlag_invalid (0.00s)
    --- PASS: TestFlagsFromEnv/UintSliceFlag_valid (0.00s)
    --- PASS: TestFlagsFromEnv/UintSliceFlag_invalid_with_float (0.00s)
    --- PASS: TestFlagsFromEnv/UintSliceFlag_invalid (0.00s)
    --- PASS: TestFlagsFromEnv/StringFlag_valid (0.00s)
    --- PASS: TestFlagsFromEnv/StringFlag_valid_with_TrimSpace (0.00s)
    --- PASS: TestFlagsFromEnv/StringSliceFlag_valid (0.00s)
    --- PASS: TestFlagsFromEnv/StringSliceFlag_valid_with_TrimSpace (0.00s)
    --- PASS: TestFlagsFromEnv/StringMapFlag_valid (0.00s)
    --- PASS: TestFlagsFromEnv/StringMapFlag_valid_with_TrimSpace (0.00s)
    --- PASS: TestFlagsFromEnv/UintFlag_valid (0.00s)
    --- PASS: TestFlagsFromEnv/UintFlag_valid_leading_zero (0.00s)
    --- PASS: TestFlagsFromEnv/UintFlag_valid_from_octal (0.00s)
    --- PASS: TestFlagsFromEnv/UintFlag_valid_from_hex (0.00s)
    --- PASS: TestFlagsFromEnv/UintFlag_invalid_octal (0.00s)
    --- PASS: TestFlagsFromEnv/UintFlag_invalid_float (0.00s)
    --- PASS: TestFlagsFromEnv/UintFlag_invalid (0.00s)
=== RUN   TestFlagStringifying
=== RUN   TestFlagStringifying/bool-flag
=== RUN   TestFlagStringifying/bool-flag-with-default-text
=== RUN   TestFlagStringifying/duration-flag
=== RUN   TestFlagStringifying/duration-flag-with-default-text
=== RUN   TestFlagStringifying/float64-flag
=== RUN   TestFlagStringifying/float64-flag-with-default-text
=== RUN   TestFlagStringifying/float64-slice-flag
=== RUN   TestFlagStringifying/float64-slice-flag-with-default-text
=== RUN   TestFlagStringifying/int-flag
=== RUN   TestFlagStringifying/int-flag-with-default-text
=== RUN   TestFlagStringifying/int-slice-flag
=== RUN   TestFlagStringifying/int-slice-flag-with-default-text
=== RUN   TestFlagStringifying/uint-slice-flag
=== RUN   TestFlagStringifying/uint-slice-flag-with-default-text
=== RUN   TestFlagStringifying/int64-flag
=== RUN   TestFlagStringifying/int64-flag-with-default-text
=== RUN   TestFlagStringifying/uint64-slice-flag
=== RUN   TestFlagStringifying/uint64-slice-flag-with-default-text
=== RUN   TestFlagStringifying/string-flag
=== RUN   TestFlagStringifying/string-flag-with-default-text
=== RUN   TestFlagStringifying/string-slice-flag
=== RUN   TestFlagStringifying/string-slice-flag-with-default-text
=== RUN   TestFlagStringifying/timestamp-flag
=== RUN   TestFlagStringifying/timestamp-flag-with-default-text
=== RUN   TestFlagStringifying/uint-flag
=== RUN   TestFlagStringifying/uint-flag-with-default-text
=== RUN   TestFlagStringifying/uint64-flag
=== RUN   TestFlagStringifying/uint64-flag-with-default-text
=== RUN   TestFlagStringifying/nodoc-flag
--- PASS: TestFlagStringifying (0.00s)
    --- PASS: TestFlagStringifying/bool-flag (0.00s)
    --- PASS: TestFlagStringifying/bool-flag-with-default-text (0.00s)
    --- PASS: TestFlagStringifying/duration-flag (0.00s)
    --- PASS: TestFlagStringifying/duration-flag-with-default-text (0.00s)
    --- PASS: TestFlagStringifying/float64-flag (0.00s)
    --- PASS: TestFlagStringifying/float64-flag-with-default-text (0.00s)
    --- PASS: TestFlagStringifying/float64-slice-flag (0.00s)
    --- PASS: TestFlagStringifying/float64-slice-flag-with-default-text (0.00s)
    --- PASS: TestFlagStringifying/int-flag (0.00s)
    --- PASS: TestFlagStringifying/int-flag-with-default-text (0.00s)
    --- PASS: TestFlagStringifying/int-slice-flag (0.00s)
    --- PASS: TestFlagStringifying/int-slice-flag-with-default-text (0.00s)
    --- PASS: TestFlagStringifying/uint-slice-flag (0.00s)
    --- PASS: TestFlagStringifying/uint-slice-flag-with-default-text (0.00s)
    --- PASS: TestFlagStringifying/int64-flag (0.00s)
    --- PASS: TestFlagStringifying/int64-flag-with-default-text (0.00s)
    --- PASS: TestFlagStringifying/uint64-slice-flag (0.00s)
    --- PASS: TestFlagStringifying/uint64-slice-flag-with-default-text (0.00s)
    --- PASS: TestFlagStringifying/string-flag (0.00s)
    --- PASS: TestFlagStringifying/string-flag-with-default-text (0.00s)
    --- PASS: TestFlagStringifying/string-slice-flag (0.00s)
    --- PASS: TestFlagStringifying/string-slice-flag-with-default-text (0.00s)
    --- PASS: TestFlagStringifying/timestamp-flag (0.00s)
    --- PASS: TestFlagStringifying/timestamp-flag-with-default-text (0.00s)
    --- PASS: TestFlagStringifying/uint-flag (0.00s)
    --- PASS: TestFlagStringifying/uint-flag-with-default-text (0.00s)
    --- PASS: TestFlagStringifying/uint64-flag (0.00s)
    --- PASS: TestFlagStringifying/uint64-flag-with-default-text (0.00s)
    --- PASS: TestFlagStringifying/nodoc-flag (0.00s)
=== RUN   TestStringFlagHelpOutput
--- PASS: TestStringFlagHelpOutput (0.00s)
=== RUN   TestStringFlagDefaultText
--- PASS: TestStringFlagDefaultText (0.00s)
=== RUN   TestStringFlagWithEnvVarHelpOutput
--- PASS: TestStringFlagWithEnvVarHelpOutput (0.00s)
=== RUN   TestStringFlagApply_SetsAllNames
--- PASS: TestStringFlagApply_SetsAllNames (0.00s)
=== RUN   TestStringFlagValueFromCommand
--- PASS: TestStringFlagValueFromCommand (0.00s)
=== RUN   TestStringSliceFlagHelpOutput
--- PASS: TestStringSliceFlagHelpOutput (0.00s)
=== RUN   TestStringSliceFlagWithEnvVarHelpOutput
--- PASS: TestStringSliceFlagWithEnvVarHelpOutput (0.00s)
=== RUN   TestStringSliceFlagApply_SetsAllNames
--- PASS: TestStringSliceFlagApply_SetsAllNames (0.00s)
=== RUN   TestStringSliceFlagApply_UsesEnvValues_noDefault
--- PASS: TestStringSliceFlagApply_UsesEnvValues_noDefault (0.00s)
=== RUN   TestStringSliceFlagApply_UsesEnvValues_withDefault
--- PASS: TestStringSliceFlagApply_UsesEnvValues_withDefault (0.00s)
=== RUN   TestStringSliceFlagApply_DefaultValueWithDestination
--- PASS: TestStringSliceFlagApply_DefaultValueWithDestination (0.00s)
=== RUN   TestStringSliceFlagValueFromCommand
--- PASS: TestStringSliceFlagValueFromCommand (0.00s)
=== RUN   TestIntFlagHelpOutput
--- PASS: TestIntFlagHelpOutput (0.00s)
=== RUN   TestIntFlagWithEnvVarHelpOutput
--- PASS: TestIntFlagWithEnvVarHelpOutput (0.00s)
=== RUN   TestIntFlagApply_SetsAllNames
--- PASS: TestIntFlagApply_SetsAllNames (0.00s)
=== RUN   TestIntFlagValueFromCommand
--- PASS: TestIntFlagValueFromCommand (0.00s)
=== RUN   TestUintFlagHelpOutput
--- PASS: TestUintFlagHelpOutput (0.00s)
=== RUN   TestUintFlagWithEnvVarHelpOutput
--- PASS: TestUintFlagWithEnvVarHelpOutput (0.00s)
=== RUN   TestUintFlagValueFromCommand
--- PASS: TestUintFlagValueFromCommand (0.00s)
=== RUN   TestUint64FlagHelpOutput
--- PASS: TestUint64FlagHelpOutput (0.00s)
=== RUN   TestUint64FlagWithEnvVarHelpOutput
--- PASS: TestUint64FlagWithEnvVarHelpOutput (0.00s)
=== RUN   TestUint64FlagValueFromCommand
--- PASS: TestUint64FlagValueFromCommand (0.00s)
=== RUN   TestDurationFlagHelpOutput
--- PASS: TestDurationFlagHelpOutput (0.00s)
=== RUN   TestDurationFlagWithEnvVarHelpOutput
--- PASS: TestDurationFlagWithEnvVarHelpOutput (0.00s)
=== RUN   TestDurationFlagApply_SetsAllNames
--- PASS: TestDurationFlagApply_SetsAllNames (0.00s)
=== RUN   TestDurationFlagValueFromCommand
--- PASS: TestDurationFlagValueFromCommand (0.00s)
=== RUN   TestIntSliceFlagHelpOutput
--- PASS: TestIntSliceFlagHelpOutput (0.00s)
=== RUN   TestIntSliceFlagWithEnvVarHelpOutput
--- PASS: TestIntSliceFlagWithEnvVarHelpOutput (0.00s)
=== RUN   TestIntSliceFlagApply_SetsAllNames
--- PASS: TestIntSliceFlagApply_SetsAllNames (0.00s)
=== RUN   TestIntSliceFlagApply_UsesEnvValues_noDefault
--- PASS: TestIntSliceFlagApply_UsesEnvValues_noDefault (0.00s)
=== RUN   TestIntSliceFlagApply_UsesEnvValues_withDefault
--- PASS: TestIntSliceFlagApply_UsesEnvValues_withDefault (0.00s)
=== RUN   TestIntSliceFlagApply_DefaultValueWithDestination
--- PASS: TestIntSliceFlagApply_DefaultValueWithDestination (0.00s)
=== RUN   TestIntSliceFlagApply_ParentContext
--- PASS: TestIntSliceFlagApply_ParentContext (0.00s)
=== RUN   TestIntSliceFlag_SetFromParentCommand
--- PASS: TestIntSliceFlag_SetFromParentCommand (0.00s)
=== RUN   TestIntSliceFlagValueFromCommand
--- PASS: TestIntSliceFlagValueFromCommand (0.00s)
=== RUN   TestUintSliceFlagHelpOutput
=== RUN   TestUintSliceFlagHelpOutput/heads
=== RUN   TestUintSliceFlagHelpOutput/H
=== RUN   TestUintSliceFlagHelpOutput/heads#01
--- PASS: TestUintSliceFlagHelpOutput (0.00s)
    --- PASS: TestUintSliceFlagHelpOutput/heads (0.00s)
    --- PASS: TestUintSliceFlagHelpOutput/H (0.00s)
    --- PASS: TestUintSliceFlagHelpOutput/heads#01 (0.00s)
=== RUN   TestUintSliceFlagWithEnvVarHelpOutput
--- PASS: TestUintSliceFlagWithEnvVarHelpOutput (0.00s)
=== RUN   TestUintSliceFlagApply_SetsAllNames
--- PASS: TestUintSliceFlagApply_SetsAllNames (0.00s)
=== RUN   TestUintSliceFlagApply_UsesEnvValues_noDefault
--- PASS: TestUintSliceFlagApply_UsesEnvValues_noDefault (0.00s)
=== RUN   TestUintSliceFlagApply_UsesEnvValues_withDefault
--- PASS: TestUintSliceFlagApply_UsesEnvValues_withDefault (0.00s)
=== RUN   TestUintSliceFlagApply_DefaultValueWithDestination
--- PASS: TestUintSliceFlagApply_DefaultValueWithDestination (0.00s)
=== RUN   TestUintSliceFlagApply_ParentContext
--- PASS: TestUintSliceFlagApply_ParentContext (0.00s)
=== RUN   TestUintSliceFlag_SetFromParentCommand
--- PASS: TestUintSliceFlag_SetFromParentCommand (0.00s)
=== RUN   TestUintSliceFlag_ReturnNil
--- PASS: TestUintSliceFlag_ReturnNil (0.00s)
=== RUN   TestUint64SliceFlagHelpOutput
--- PASS: TestUint64SliceFlagHelpOutput (0.00s)
=== RUN   TestUint64SliceFlagWithEnvVarHelpOutput
--- PASS: TestUint64SliceFlagWithEnvVarHelpOutput (0.00s)
=== RUN   TestUint64SliceFlagApply_SetsAllNames
--- PASS: TestUint64SliceFlagApply_SetsAllNames (0.00s)
=== RUN   TestUint64SliceFlagApply_UsesEnvValues_noDefault
--- PASS: TestUint64SliceFlagApply_UsesEnvValues_noDefault (0.00s)
=== RUN   TestUint64SliceFlagApply_UsesEnvValues_withDefault
--- PASS: TestUint64SliceFlagApply_UsesEnvValues_withDefault (0.00s)
=== RUN   TestUint64SliceFlagApply_DefaultValueWithDestination
--- PASS: TestUint64SliceFlagApply_DefaultValueWithDestination (0.00s)
=== RUN   TestUint64SliceFlagApply_ParentCommand
--- PASS: TestUint64SliceFlagApply_ParentCommand (0.00s)
=== RUN   TestUint64SliceFlag_SetFromParentCommand
--- PASS: TestUint64SliceFlag_SetFromParentCommand (0.00s)
=== RUN   TestUint64SliceFlag_ReturnNil
--- PASS: TestUint64SliceFlag_ReturnNil (0.00s)
=== RUN   TestFloat64FlagHelpOutput
--- PASS: TestFloat64FlagHelpOutput (0.00s)
=== RUN   TestFloat64FlagWithEnvVarHelpOutput
--- PASS: TestFloat64FlagWithEnvVarHelpOutput (0.00s)
=== RUN   TestFloat64FlagApply_SetsAllNames
--- PASS: TestFloat64FlagApply_SetsAllNames (0.00s)
=== RUN   TestFloat64FlagValueFromCommand
--- PASS: TestFloat64FlagValueFromCommand (0.00s)
=== RUN   TestFloat64SliceFlagHelpOutput
--- PASS: TestFloat64SliceFlagHelpOutput (0.00s)
=== RUN   TestFloat64SliceFlagWithEnvVarHelpOutput
--- PASS: TestFloat64SliceFlagWithEnvVarHelpOutput (0.00s)
=== RUN   TestFloat64SliceFlagApply_SetsAllNames
--- PASS: TestFloat64SliceFlagApply_SetsAllNames (0.00s)
=== RUN   TestFloat64SliceFlagApply_UsesEnvValues_noDefault
--- PASS: TestFloat64SliceFlagApply_UsesEnvValues_noDefault (0.00s)
=== RUN   TestFloat64SliceFlagApply_UsesEnvValues_withDefault
--- PASS: TestFloat64SliceFlagApply_UsesEnvValues_withDefault (0.00s)
=== RUN   TestFloat64SliceFlagApply_DefaultValueWithDestination
--- PASS: TestFloat64SliceFlagApply_DefaultValueWithDestination (0.00s)
=== RUN   TestFloat64SliceFlagValueFromCommand
--- PASS: TestFloat64SliceFlagValueFromCommand (0.00s)
=== RUN   TestFloat64SliceFlagApply_ParentCommand
--- PASS: TestFloat64SliceFlagApply_ParentCommand (0.00s)
=== RUN   TestParseMultiString
--- PASS: TestParseMultiString (0.00s)
=== RUN   TestParseDestinationString
--- PASS: TestParseDestinationString (0.00s)
=== RUN   TestParseMultiStringFromEnv
--- PASS: TestParseMultiStringFromEnv (0.00s)
=== RUN   TestParseMultiStringFromEnvCascade
--- PASS: TestParseMultiStringFromEnvCascade (0.00s)
=== RUN   TestParseMultiStringSlice
--- PASS: TestParseMultiStringSlice (0.00s)
=== RUN   TestParseMultiStringSliceWithDefaults
--- PASS: TestParseMultiStringSliceWithDefaults (0.00s)
=== RUN   TestParseMultiStringSliceWithDestination
--- PASS: TestParseMultiStringSliceWithDestination (0.00s)
=== RUN   TestParseMultiStringSliceWithDestinationAndEnv
--- PASS: TestParseMultiStringSliceWithDestinationAndEnv (0.00s)
=== RUN   TestParseMultiFloat64SliceWithDestinationAndEnv
--- PASS: TestParseMultiFloat64SliceWithDestinationAndEnv (0.00s)
=== RUN   TestParseMultiIntSliceWithDestinationAndEnv
--- PASS: TestParseMultiIntSliceWithDestinationAndEnv (0.00s)
=== RUN   TestParseMultiStringSliceWithDefaultsUnset
--- PASS: TestParseMultiStringSliceWithDefaultsUnset (0.00s)
=== RUN   TestParseMultiStringSliceFromEnv
--- PASS: TestParseMultiStringSliceFromEnv (0.00s)
=== RUN   TestParseMultiStringSliceFromEnvWithDefaults
--- PASS: TestParseMultiStringSliceFromEnvWithDefaults (0.00s)
=== RUN   TestParseMultiStringSliceFromEnvCascade
--- PASS: TestParseMultiStringSliceFromEnvCascade (0.00s)
=== RUN   TestParseMultiStringSliceFromEnvCascadeWithDefaults
--- PASS: TestParseMultiStringSliceFromEnvCascadeWithDefaults (0.00s)
=== RUN   TestParseMultiStringSliceFromEnvWithDestination
--- PASS: TestParseMultiStringSliceFromEnvWithDestination (0.00s)
=== RUN   TestParseMultiInt
--- PASS: TestParseMultiInt (0.00s)
=== RUN   TestParseDestinationInt
--- PASS: TestParseDestinationInt (0.00s)
=== RUN   TestParseMultiIntFromEnv
--- PASS: TestParseMultiIntFromEnv (0.00s)
=== RUN   TestParseMultiIntFromEnvCascade
--- PASS: TestParseMultiIntFromEnvCascade (0.00s)
=== RUN   TestParseMultiIntSlice
--- PASS: TestParseMultiIntSlice (0.00s)
=== RUN   TestParseMultiIntSliceWithDefaults
--- PASS: TestParseMultiIntSliceWithDefaults (0.00s)
=== RUN   TestParseMultiIntSliceWithDefaultsUnset
--- PASS: TestParseMultiIntSliceWithDefaultsUnset (0.00s)
=== RUN   TestParseMultiIntSliceFromEnv
--- PASS: TestParseMultiIntSliceFromEnv (0.00s)
=== RUN   TestParseMultiIntSliceFromEnvWithDefaults
--- PASS: TestParseMultiIntSliceFromEnvWithDefaults (0.00s)
=== RUN   TestParseMultiIntSliceFromEnvCascade
--- PASS: TestParseMultiIntSliceFromEnvCascade (0.00s)
=== RUN   TestParseMultiFloat64
--- PASS: TestParseMultiFloat64 (0.00s)
=== RUN   TestParseDestinationFloat64
--- PASS: TestParseDestinationFloat64 (0.00s)
=== RUN   TestParseMultiFloat64FromEnv
--- PASS: TestParseMultiFloat64FromEnv (0.00s)
=== RUN   TestParseMultiFloat64FromEnvCascade
--- PASS: TestParseMultiFloat64FromEnvCascade (0.00s)
=== RUN   TestParseMultiFloat64SliceFromEnv
--- PASS: TestParseMultiFloat64SliceFromEnv (0.00s)
=== RUN   TestParseMultiFloat64SliceFromEnvCascade
--- PASS: TestParseMultiFloat64SliceFromEnvCascade (0.00s)
=== RUN   TestParseMultiBool
--- PASS: TestParseMultiBool (0.00s)
=== RUN   TestParseBoolShortOptionHandle
--- PASS: TestParseBoolShortOptionHandle (0.00s)
=== RUN   TestParseDestinationBool
--- PASS: TestParseDestinationBool (0.00s)
=== RUN   TestParseMultiBoolFromEnv
--- PASS: TestParseMultiBoolFromEnv (0.00s)
=== RUN   TestParseMultiBoolFromEnvCascade
--- PASS: TestParseMultiBoolFromEnvCascade (0.00s)
=== RUN   TestParseBoolFromEnv
=== RUN   TestParseBoolFromEnv/""_false
=== RUN   TestParseBoolFromEnv/"1"_true
=== RUN   TestParseBoolFromEnv/"false"_false
=== RUN   TestParseBoolFromEnv/"true"_true
--- PASS: TestParseBoolFromEnv (0.00s)
    --- PASS: TestParseBoolFromEnv/""_false (0.00s)
    --- PASS: TestParseBoolFromEnv/"1"_true (0.00s)
    --- PASS: TestParseBoolFromEnv/"false"_false (0.00s)
    --- PASS: TestParseBoolFromEnv/"true"_true (0.00s)
=== RUN   TestParseMultiBoolT
--- PASS: TestParseMultiBoolT (0.00s)
=== RUN   TestStringSlice_Serialized_Set
--- PASS: TestStringSlice_Serialized_Set (0.00s)
=== RUN   TestIntSlice_Serialized_Set
--- PASS: TestIntSlice_Serialized_Set (0.00s)
=== RUN   TestUintSlice_Serialized_Set
--- PASS: TestUintSlice_Serialized_Set (0.00s)
=== RUN   TestUint64Slice_Serialized_Set
--- PASS: TestUint64Slice_Serialized_Set (0.00s)
=== RUN   TestStringMap_Serialized_Set
--- PASS: TestStringMap_Serialized_Set (0.00s)
=== RUN   TestTimestamp_set
--- PASS: TestTimestamp_set (0.00s)
=== RUN   TestTimestampFlagApply_SingleFormat
--- PASS: TestTimestampFlagApply_SingleFormat (0.00s)
=== RUN   TestTimestampFlagApply_MultipleFormats
--- PASS: TestTimestampFlagApply_MultipleFormats (0.00s)
=== RUN   TestTimestampFlagApplyValue
--- PASS: TestTimestampFlagApplyValue (0.00s)
=== RUN   TestTimestampFlagApply_Fail_Parse_Wrong_Layout
--- PASS: TestTimestampFlagApply_Fail_Parse_Wrong_Layout (0.00s)
=== RUN   TestTimestampFlagApply_Fail_Parse_Wrong_Time
--- PASS: TestTimestampFlagApply_Fail_Parse_Wrong_Time (0.00s)
=== RUN   TestTimestampFlagApply_Timezoned
--- PASS: TestTimestampFlagApply_Timezoned (0.00s)
=== RUN   TestTimestampFlagValueFromCommand
--- PASS: TestTimestampFlagValueFromCommand (0.00s)
=== RUN   TestFlagDefaultValue
--- PASS: TestFlagDefaultValue (0.00s)
=== RUN   TestFlagDefaultValueWithEnv
--- PASS: TestFlagDefaultValueWithEnv (0.00s)
=== RUN   TestFlagValue
=== RUN   TestFlagValue/stringSlice
=== RUN   TestFlagValue/float64Slice
=== RUN   TestFlagValue/intSlice
=== RUN   TestFlagValue/uintSlice
=== RUN   TestFlagValue/stringMap
--- PASS: TestFlagValue (0.00s)
    --- PASS: TestFlagValue/stringSlice (0.00s)
    --- PASS: TestFlagValue/float64Slice (0.00s)
    --- PASS: TestFlagValue/intSlice (0.00s)
    --- PASS: TestFlagValue/uintSlice (0.00s)
    --- PASS: TestFlagValue/stringMap (0.00s)
=== RUN   TestTimestampFlagApply_WithDestination
--- PASS: TestTimestampFlagApply_WithDestination (0.00s)
=== RUN   TestSliceShortOptionHandle
--- PASS: TestSliceShortOptionHandle (0.00s)
=== RUN   TestCustomizedSliceFlagSeparator
--- PASS: TestCustomizedSliceFlagSeparator (0.00s)
=== RUN   TestFlagSplitMultiValues_Disabled
--- PASS: TestFlagSplitMultiValues_Disabled (0.00s)
=== RUN   TestStringMapFlagHelpOutput
--- PASS: TestStringMapFlagHelpOutput (0.00s)
=== RUN   TestStringMapFlagWithEnvVarHelpOutput
--- PASS: TestStringMapFlagWithEnvVarHelpOutput (0.00s)
=== RUN   TestStringMapFlagApply_SetsAllNames
--- PASS: TestStringMapFlagApply_SetsAllNames (0.00s)
=== RUN   TestStringMapFlagApply_UsesEnvValues_noDefault
--- PASS: TestStringMapFlagApply_UsesEnvValues_noDefault (0.00s)
=== RUN   TestStringMapFlagApply_UsesEnvValues_withDefault
--- PASS: TestStringMapFlagApply_UsesEnvValues_withDefault (0.00s)
=== RUN   TestStringMapFlagApply_DefaultValueWithDestination
--- PASS: TestStringMapFlagApply_DefaultValueWithDestination (0.00s)
=== RUN   TestStringMapFlagValueFromCommand
--- PASS: TestStringMapFlagValueFromCommand (0.00s)
=== RUN   TestStringMapFlagApply_Error
invalid value "aaa" for flag -goat: item "aaa" is missing separator "="
Usage of test:
  -goat value
    	 (default map[])
--- PASS: TestStringMapFlagApply_Error (0.00s)
=== RUN   TestFlagDefaultValidation
Incorrect Usage: Value 2 not in range [3,10] or [20,24]

NAME:
   foo - A new cli application

USAGE:
   foo [global options] [command [command options]] [arguments...]

COMMANDS:
   help, h  Shows a list of commands or help for one command

GLOBAL OPTIONS:
   --if value  (default: 2)
   --help, -h  show help
--- PASS: TestFlagDefaultValidation (0.00s)
=== RUN   TestFlagValidation
Incorrect Usage: invalid value "2" for flag -it: Value 2 not in range [3,10]U[20,24]

NAME:
   foo - A new cli application

USAGE:
   foo [global options] [command [command options]] [arguments...]

COMMANDS:
   help, h  Shows a list of commands or help for one command

GLOBAL OPTIONS:
   --it value  (default: 5)
   --help, -h  show help
NAME:
   foo - A new cli application

USAGE:
   foo [global options] [command [command options]] [arguments...]

COMMANDS:
   help, h  Shows a list of commands or help for one command

GLOBAL OPTIONS:
   --it value  (default: 5)
   --help, -h  show help
NAME:
   foo - A new cli application

USAGE:
   foo [global options] [command [command options]] [arguments...]

COMMANDS:
   help, h  Shows a list of commands or help for one command

GLOBAL OPTIONS:
   --it value  (default: 5)
   --help, -h  show help
NAME:
   foo - A new cli application

USAGE:
   foo [global options] [command [command options]] [arguments...]

COMMANDS:
   help, h  Shows a list of commands or help for one command

GLOBAL OPTIONS:
   --it value  (default: 5)
   --help, -h  show help
Incorrect Usage: invalid value "15" for flag -it: Value 15 not in range [3,10]U[20,24]

NAME:
   foo - A new cli application

USAGE:
   foo [global options] [command [command options]] [arguments...]

COMMANDS:
   help, h  Shows a list of commands or help for one command

GLOBAL OPTIONS:
   --it value  (default: 5)
   --help, -h  show help
Incorrect Usage: invalid value "19" for flag -it: Value 19 not in range [3,10]U[20,24]

NAME:
   foo - A new cli application

USAGE:
   foo [global options] [command [command options]] [arguments...]

COMMANDS:
   help, h  Shows a list of commands or help for one command

GLOBAL OPTIONS:
   --it value  (default: 5)
   --help, -h  show help
NAME:
   foo - A new cli application

USAGE:
   foo [global options] [command [command options]] [arguments...]

COMMANDS:
   help, h  Shows a list of commands or help for one command

GLOBAL OPTIONS:
   --it value  (default: 5)
   --help, -h  show help
NAME:
   foo - A new cli application

USAGE:
   foo [global options] [command [command options]] [arguments...]

COMMANDS:
   help, h  Shows a list of commands or help for one command

GLOBAL OPTIONS:
   --it value  (default: 5)
   --help, -h  show help
NAME:
   foo - A new cli application

USAGE:
   foo [global options] [command [command options]] [arguments...]

COMMANDS:
   help, h  Shows a list of commands or help for one command

GLOBAL OPTIONS:
   --it value  (default: 5)
   --help, -h  show help
Incorrect Usage: invalid value "27" for flag -it: Value 27 not in range [3,10]U[20,24]

NAME:
   foo - A new cli application

USAGE:
   foo [global options] [command [command options]] [arguments...]

COMMANDS:
   help, h  Shows a list of commands or help for one command

GLOBAL OPTIONS:
   --it value  (default: 5)
   --help, -h  show help
--- PASS: TestFlagValidation (0.02s)
=== RUN   Test_ShowAppHelp_NoAuthor
--- PASS: Test_ShowAppHelp_NoAuthor (0.00s)
=== RUN   Test_ShowAppHelp_NoVersion
--- PASS: Test_ShowAppHelp_NoVersion (0.00s)
=== RUN   Test_ShowAppHelp_HideVersion
--- PASS: Test_ShowAppHelp_HideVersion (0.00s)
=== RUN   Test_ShowAppHelp_MultiLineDescription
--- PASS: Test_ShowAppHelp_MultiLineDescription (0.00s)
=== RUN   Test_Help_RequiredFlagsNoDefault
--- PASS: Test_Help_RequiredFlagsNoDefault (0.00s)
=== RUN   Test_Help_Custom_Flags
--- PASS: Test_Help_Custom_Flags (0.00s)
=== RUN   Test_Help_Nil_Flags
--- PASS: Test_Help_Nil_Flags (0.00s)
=== RUN   Test_Version_Custom_Flags
--- PASS: Test_Version_Custom_Flags (0.00s)
=== RUN   Test_helpCommand_Action_ErrorIfNoTopic
--- PASS: Test_helpCommand_Action_ErrorIfNoTopic (0.00s)
=== RUN   Test_helpCommand_InHelpOutput
--- PASS: Test_helpCommand_InHelpOutput (0.00s)
=== RUN   TestHelpCommand_FullName
=== RUN   TestHelpCommand_FullName/app_help's_FullName
=== RUN   TestHelpCommand_FullName/app_help's_FullName_via_flag
=== RUN   TestHelpCommand_FullName/cmd_help's_FullName
=== RUN   TestHelpCommand_FullName/cmd_help's_FullName_via_flag
=== RUN   TestHelpCommand_FullName/subcmd_help's_FullName
=== RUN   TestHelpCommand_FullName/subcmd_help's_FullName_via_flag
--- PASS: TestHelpCommand_FullName (0.01s)
    --- PASS: TestHelpCommand_FullName/app_help's_FullName (0.00s)
    --- PASS: TestHelpCommand_FullName/app_help's_FullName_via_flag (0.00s)
    --- SKIP: TestHelpCommand_FullName/cmd_help's_FullName (0.00s)
    --- SKIP: TestHelpCommand_FullName/cmd_help's_FullName_via_flag (0.00s)
    --- PASS: TestHelpCommand_FullName/subcmd_help's_FullName (0.00s)
    --- PASS: TestHelpCommand_FullName/subcmd_help's_FullName_via_flag (0.00s)
=== RUN   Test_helpCommand_HideHelpCommand
--- PASS: Test_helpCommand_HideHelpCommand (0.00s)
=== RUN   Test_helpCommand_HideHelpFlag
Incorrect Usage: flag: help requested

--- PASS: Test_helpCommand_HideHelpFlag (0.00s)
=== RUN   Test_helpSubcommand_Action_ErrorIfNoTopic
--- PASS: Test_helpSubcommand_Action_ErrorIfNoTopic (0.00s)
=== RUN   TestShowAppHelp_CommandAliases
--- PASS: TestShowAppHelp_CommandAliases (0.00s)
=== RUN   TestShowCommandHelp_AppendHelp
=== RUN   TestShowCommandHelp_AppendHelp/with_HideHelp
=== RUN   TestShowCommandHelp_AppendHelp/with_HideHelpCommand
=== RUN   TestShowCommandHelp_AppendHelp/with_Subcommand
=== RUN   TestShowCommandHelp_AppendHelp/without_Subcommand
--- PASS: TestShowCommandHelp_AppendHelp (0.01s)
    --- PASS: TestShowCommandHelp_AppendHelp/with_HideHelp (0.00s)
    --- PASS: TestShowCommandHelp_AppendHelp/with_HideHelpCommand (0.00s)
    --- PASS: TestShowCommandHelp_AppendHelp/with_Subcommand (0.00s)
    --- PASS: TestShowCommandHelp_AppendHelp/without_Subcommand (0.00s)
=== RUN   TestShowCommandHelp_HelpPrinter
=== RUN   TestShowCommandHelp_HelpPrinter/no-command
--- PASS: TestShowCommandHelp_HelpPrinter (0.00s)
    --- PASS: TestShowCommandHelp_HelpPrinter/no-command (0.00s)
=== RUN   TestShowCommandHelp_HelpPrinterCustom
=== RUN   TestShowCommandHelp_HelpPrinterCustom/no_command
    help_test.go:553: cmd.Run(ctx, [my-app help])
=== RUN   TestShowCommandHelp_HelpPrinterCustom/standard_command
    help_test.go:553: cmd.Run(ctx, [my-app help my-command])
=== RUN   TestShowCommandHelp_HelpPrinterCustom/custom_template_command
    help_test.go:553: cmd.Run(ctx, [my-app help my-command])
--- PASS: TestShowCommandHelp_HelpPrinterCustom (0.00s)
    --- PASS: TestShowCommandHelp_HelpPrinterCustom/no_command (0.00s)
    --- PASS: TestShowCommandHelp_HelpPrinterCustom/standard_command (0.00s)
    --- PASS: TestShowCommandHelp_HelpPrinterCustom/custom_template_command (0.00s)
=== RUN   TestShowCommandHelp_CommandAliases
--- PASS: TestShowCommandHelp_CommandAliases (0.00s)
=== RUN   TestShowSubcommandHelp_CommandAliases
--- PASS: TestShowSubcommandHelp_CommandAliases (0.00s)
=== RUN   TestShowCommandHelp_Customtemplate
--- PASS: TestShowCommandHelp_Customtemplate (0.00s)
=== RUN   TestShowSubcommandHelp_CommandUsageText
--- PASS: TestShowSubcommandHelp_CommandUsageText (0.00s)
=== RUN   TestShowSubcommandHelp_MultiLine_CommandUsageText
--- PASS: TestShowSubcommandHelp_MultiLine_CommandUsageText (0.00s)
=== RUN   TestShowSubcommandHelp_GlobalOptions
--- PASS: TestShowSubcommandHelp_GlobalOptions (0.00s)
=== RUN   TestShowSubcommandHelp_SubcommandUsageText
--- PASS: TestShowSubcommandHelp_SubcommandUsageText (0.00s)
=== RUN   TestShowSubcommandHelp_MultiLine_SubcommandUsageText
--- PASS: TestShowSubcommandHelp_MultiLine_SubcommandUsageText (0.00s)
=== RUN   TestShowAppHelp_HiddenCommand
--- PASS: TestShowAppHelp_HiddenCommand (0.00s)
=== RUN   TestShowAppHelp_HelpPrinter
=== RUN   TestShowAppHelp_HelpPrinter/standard-command
=== RUN   TestShowAppHelp_HelpPrinter/custom-template-command
--- PASS: TestShowAppHelp_HelpPrinter (0.00s)
    --- PASS: TestShowAppHelp_HelpPrinter/standard-command (0.00s)
    --- PASS: TestShowAppHelp_HelpPrinter/custom-template-command (0.00s)
=== RUN   TestShowAppHelp_HelpPrinterCustom
=== RUN   TestShowAppHelp_HelpPrinterCustom/standard-command
=== RUN   TestShowAppHelp_HelpPrinterCustom/custom-template-command
--- PASS: TestShowAppHelp_HelpPrinterCustom (0.00s)
    --- PASS: TestShowAppHelp_HelpPrinterCustom/standard-command (0.00s)
    --- PASS: TestShowAppHelp_HelpPrinterCustom/custom-template-command (0.00s)
=== RUN   TestShowAppHelp_CustomAppTemplate
--- PASS: TestShowAppHelp_CustomAppTemplate (0.00s)
=== RUN   TestShowAppHelp_UsageText
--- PASS: TestShowAppHelp_UsageText (0.00s)
=== RUN   TestShowAppHelp_MultiLine_UsageText
--- PASS: TestShowAppHelp_MultiLine_UsageText (0.00s)
=== RUN   TestShowAppHelp_CommandMultiLine_UsageText
--- PASS: TestShowAppHelp_CommandMultiLine_UsageText (0.00s)
=== RUN   TestHideHelpCommand
--- PASS: TestHideHelpCommand (0.00s)
=== RUN   TestHideHelpCommand_False
--- PASS: TestHideHelpCommand_False (0.00s)
=== RUN   TestHideHelpCommand_WithHideHelp
Incorrect Usage: flag: help requested

--- PASS: TestHideHelpCommand_WithHideHelp (0.00s)
=== RUN   TestHideHelpCommand_WithSubcommands
NAME:
   cli.test - A new cli application

USAGE:
   cli.test [global options] [command [command options]] [arguments...]

COMMANDS:
   nully  

GLOBAL OPTIONS:
   --help, -h  show help
--- PASS: TestHideHelpCommand_WithSubcommands (0.00s)
=== RUN   TestDefaultCompleteWithFlags
=== RUN   TestDefaultCompleteWithFlags/empty
=== RUN   TestDefaultCompleteWithFlags/typical-flag-suggestion
=== RUN   TestDefaultCompleteWithFlags/typical-command-suggestion
=== RUN   TestDefaultCompleteWithFlags/autocomplete-with-spaces
=== RUN   TestDefaultCompleteWithFlags/zsh-autocomplete-with-flag-descriptions
=== RUN   TestDefaultCompleteWithFlags/zsh-autocomplete-with-empty-flag-descriptions
--- PASS: TestDefaultCompleteWithFlags (0.00s)
    --- PASS: TestDefaultCompleteWithFlags/empty (0.00s)
    --- PASS: TestDefaultCompleteWithFlags/typical-flag-suggestion (0.00s)
    --- PASS: TestDefaultCompleteWithFlags/typical-command-suggestion (0.00s)
    --- PASS: TestDefaultCompleteWithFlags/autocomplete-with-spaces (0.00s)
    --- PASS: TestDefaultCompleteWithFlags/zsh-autocomplete-with-flag-descriptions (0.00s)
    --- PASS: TestDefaultCompleteWithFlags/zsh-autocomplete-with-empty-flag-descriptions (0.00s)
=== RUN   TestMutuallyExclusiveFlags
--- PASS: TestMutuallyExclusiveFlags (0.00s)
=== RUN   TestWrap
--- PASS: TestWrap (0.00s)
=== RUN   TestWrappedHelp
--- PASS: TestWrappedHelp (0.00s)
=== RUN   TestWrappedCommandHelp
--- PASS: TestWrappedCommandHelp (0.00s)
=== RUN   TestWrappedSubcommandHelp
--- PASS: TestWrappedSubcommandHelp (0.00s)
=== RUN   TestWrappedHelpSubcommand
--- PASS: TestWrappedHelpSubcommand (0.00s)
=== RUN   TestCategorizedHelp
--- PASS: TestCategorizedHelp (0.00s)
=== RUN   Test_checkShellCompleteFlag
=== PAUSE Test_checkShellCompleteFlag
=== RUN   TestLexicographicLess
--- PASS: TestLexicographicLess (0.00s)
=== RUN   TestJaroWinkler
--- PASS: TestJaroWinkler (0.00s)
=== RUN   TestSuggestFlag
--- PASS: TestSuggestFlag (0.00s)
=== RUN   TestSuggestFlagHideHelp
--- PASS: TestSuggestFlagHideHelp (0.00s)
=== RUN   TestSuggestFlagFromError
--- PASS: TestSuggestFlagFromError (0.00s)
=== RUN   TestSuggestFlagFromErrorWrongError
--- PASS: TestSuggestFlagFromErrorWrongError (0.00s)
=== RUN   TestSuggestFlagFromErrorWrongCommand
--- PASS: TestSuggestFlagFromErrorWrongCommand (0.00s)
=== RUN   TestSuggestFlagFromErrorNoSuggestion
--- PASS: TestSuggestFlagFromErrorNoSuggestion (0.00s)
=== RUN   TestSuggestCommand
--- PASS: TestSuggestCommand (0.00s)
=== RUN   TestEnvVarValueSource
=== RUN   TestEnvVarValueSource/implements_ValueSource
=== RUN   TestEnvVarValueSource/implements_ValueSource/not_found
=== RUN   TestEnvVarValueSource/implements_ValueSource/found
=== RUN   TestEnvVarValueSource/implements_fmt.Stringer
=== RUN   TestEnvVarValueSource/implements_fmt.GoStringer
--- PASS: TestEnvVarValueSource (0.00s)
    --- PASS: TestEnvVarValueSource/implements_ValueSource (0.00s)
        --- PASS: TestEnvVarValueSource/implements_ValueSource/not_found (0.00s)
        --- PASS: TestEnvVarValueSource/implements_ValueSource/found (0.00s)
    --- PASS: TestEnvVarValueSource/implements_fmt.Stringer (0.00s)
    --- PASS: TestEnvVarValueSource/implements_fmt.GoStringer (0.00s)
=== RUN   TestEnvVars
--- PASS: TestEnvVars (0.00s)
=== RUN   TestFileValueSource
=== RUN   TestFileValueSource/implements_ValueSource
=== RUN   TestFileValueSource/implements_ValueSource/not_found
=== RUN   TestFileValueSource/implements_ValueSource/found
=== RUN   TestFileValueSource/implements_fmt.Stringer
=== RUN   TestFileValueSource/implements_fmt.GoStringer
--- PASS: TestFileValueSource (0.00s)
    --- PASS: TestFileValueSource/implements_ValueSource (0.00s)
        --- PASS: TestFileValueSource/implements_ValueSource/not_found (0.00s)
        --- PASS: TestFileValueSource/implements_ValueSource/found (0.00s)
    --- PASS: TestFileValueSource/implements_fmt.Stringer (0.00s)
    --- PASS: TestFileValueSource/implements_fmt.GoStringer (0.00s)
=== RUN   TestFilePaths
--- PASS: TestFilePaths (0.00s)
=== RUN   TestValueSourceChainEnvKeys
--- PASS: TestValueSourceChainEnvKeys (0.00s)
=== RUN   TestValueSourceChain
=== RUN   TestValueSourceChain/implements_ValueSource
=== RUN   TestValueSourceChain/implements_fmt.GoStringer
=== RUN   TestValueSourceChain/implements_fmt.Stringer
--- PASS: TestValueSourceChain (0.00s)
    --- PASS: TestValueSourceChain/implements_ValueSource (0.00s)
    --- PASS: TestValueSourceChain/implements_fmt.GoStringer (0.00s)
    --- PASS: TestValueSourceChain/implements_fmt.Stringer (0.00s)
=== CONT  Test_checkShellCompleteFlag
=== RUN   Test_checkShellCompleteFlag/disable-shell-completion
=== PAUSE Test_checkShellCompleteFlag/disable-shell-completion
=== RUN   Test_checkShellCompleteFlag/child-disable-shell-completion
=== PAUSE Test_checkShellCompleteFlag/child-disable-shell-completion
=== RUN   Test_checkShellCompleteFlag/last_argument_isn't_--generate-shell-completion
=== PAUSE Test_checkShellCompleteFlag/last_argument_isn't_--generate-shell-completion
=== RUN   Test_checkShellCompleteFlag/arguments_include_double_dash
=== PAUSE Test_checkShellCompleteFlag/arguments_include_double_dash
=== RUN   Test_checkShellCompleteFlag/shell_completion
=== PAUSE Test_checkShellCompleteFlag/shell_completion
=== CONT  Test_checkShellCompleteFlag/disable-shell-completion
=== CONT  Test_checkShellCompleteFlag/shell_completion
=== CONT  Test_checkShellCompleteFlag/arguments_include_double_dash
=== CONT  Test_checkShellCompleteFlag/last_argument_isn't_--generate-shell-completion
=== CONT  Test_checkShellCompleteFlag/child-disable-shell-completion
--- PASS: Test_checkShellCompleteFlag (0.00s)
    --- PASS: Test_checkShellCompleteFlag/disable-shell-completion (0.00s)
    --- PASS: Test_checkShellCompleteFlag/shell_completion (0.00s)
    --- PASS: Test_checkShellCompleteFlag/arguments_include_double_dash (0.00s)
    --- PASS: Test_checkShellCompleteFlag/last_argument_isn't_--generate-shell-completion (0.00s)
    --- PASS: Test_checkShellCompleteFlag/child-disable-shell-completion (0.00s)
=== RUN   ExampleCommand_Run
--- PASS: ExampleCommand_Run (0.00s)
=== RUN   ExampleCommand_Run_subcommand
--- PASS: ExampleCommand_Run_subcommand (0.00s)
=== RUN   ExampleCommand_Run_appHelp
--- PASS: ExampleCommand_Run_appHelp (0.00s)
=== RUN   ExampleCommand_Run_commandHelp
--- PASS: ExampleCommand_Run_commandHelp (0.00s)
=== RUN   ExampleCommand_Run_noAction
--- PASS: ExampleCommand_Run_noAction (0.00s)
=== RUN   ExampleCommand_Run_subcommandNoAction
--- PASS: ExampleCommand_Run_subcommandNoAction (0.00s)
=== RUN   ExampleCommand_Run_shellComplete_bash_withShortFlag
--- PASS: ExampleCommand_Run_shellComplete_bash_withShortFlag (0.00s)
=== RUN   ExampleCommand_Run_shellComplete_bash_withLongFlag
--- PASS: ExampleCommand_Run_shellComplete_bash_withLongFlag (0.00s)
=== RUN   ExampleCommand_Run_shellComplete_bash_withMultipleLongFlag
--- PASS: ExampleCommand_Run_shellComplete_bash_withMultipleLongFlag (0.00s)
=== RUN   ExampleCommand_Run_shellComplete_bash
--- PASS: ExampleCommand_Run_shellComplete_bash (0.00s)
=== RUN   ExampleCommand_Run_shellComplete_zsh
--- PASS: ExampleCommand_Run_shellComplete_zsh (0.00s)
=== RUN   ExampleCommand_Run_sliceValues
--- PASS: ExampleCommand_Run_sliceValues (0.00s)
=== RUN   ExampleCommand_Run_mapValues
--- PASS: ExampleCommand_Run_mapValues (0.00s)
=== RUN   ExampleBoolWithInverseFlag
--- PASS: ExampleBoolWithInverseFlag (0.00s)
=== RUN   ExampleCommand_Suggest
--- PASS: ExampleCommand_Suggest (0.00s)
=== RUN   ExampleCommand_Suggest_command
--- PASS: ExampleCommand_Suggest_command (0.00s)
FAIL
coverage: 91.5% of statements
FAIL	github.com/urfave/cli/v3	0.628s
FAIL
